#
# There is insufficient memory for the Java Runtime Environment to continue.
# Native memory allocation (malloc) failed to allocate 1048576 bytes for AllocateHeap
# Possible reasons:
#   The system is out of physical RAM or swap space
#   The process is running with CompressedOops enabled, and the Java Heap may be blocking the growth of the native heap
# Possible solutions:
#   Reduce memory load on the system
#   Increase physical memory or swap space
#   Check if swap backing store is full
#   Decrease Java heap size (-Xmx/-Xms)
#   Decrease number of Java threads
#   Decrease Java thread stack sizes (-Xss)
#   Set larger code cache with -XX:ReservedCodeCacheSize=
#   JVM is running with Unscaled Compressed Oops mode in which the Java heap is
#     placed in the first 4GB address space. The Java Heap base address is the
#     maximum limit for the native heap growth. Please use -XX:HeapBaseMinAddress
#     to set the Java Heap base and to place the Java Heap above 4GB virtual address.
# This output file may be truncated or incomplete.
#
#  Out of Memory Error (allocation.cpp:44), pid=31608, tid=16696
#
# JRE version:  (17.0.10+11) (build )
# Java VM: Java HotSpot(TM) 64-Bit Server VM (17.0.10+11-LTS-240, mixed mode, sharing, tiered, compressed oops, compressed class ptrs, g1 gc, windows-amd64)
# No core dump will be written. Minidumps are not enabled by default on client versions of Windows
#

---------------  S U M M A R Y ------------

Command Line: C:\Users\PP\AppData\Local\Temp\surefire3657102308357186182\surefirebooter-20250319212337024_3.jar C:\Users\PP\AppData\Local\Temp\surefire3657102308357186182 2025-03-19T21-23-36_393-jvmRun1 surefire-20250319212337024_1tmp surefire_0-20250319212337024_2tmp

Host: AMD Ryzen 5 5500U with Radeon Graphics         , 12 cores, 7G,  Windows 11 , 64 bit Build 26100 (10.0.26100.3323)
Time: Wed Mar 19 21:23:37 2025 India Standard Time elapsed time: 0.058294 seconds (0d 0h 0m 0s)

---------------  T H R E A D  ---------------

Current thread (0x000001faaff61cc0):  JavaThread "Unknown thread" [_thread_in_vm, id=16696, stack(0x00000024ad000000,0x00000024ad100000)]

Stack: [0x00000024ad000000,0x00000024ad100000]
Native frames: (J=compiled Java code, j=interpreted, Vv=VM code, C=native code)
V  [jvm.dll+0x677a5a]
V  [jvm.dll+0x7d8b2d]
V  [jvm.dll+0x7da48e]
V  [jvm.dll+0x7daaf3]
V  [jvm.dll+0x2455ff]
V  [jvm.dll+0xa5173]
V  [jvm.dll+0x2e30ae]
V  [jvm.dll+0x2dadcb]
V  [jvm.dll+0x7aa551]
V  [jvm.dll+0x367911]
V  [jvm.dll+0x789639]
V  [jvm.dll+0x3eb30f]
V  [jvm.dll+0x3ecd91]
C  [jli.dll+0x5297]
C  [ucrtbase.dll+0x37b0]
C  [KERNEL32.DLL+0x2e8d7]
C  [ntdll.dll+0xbbf6c]


---------------  P R O C E S S  ---------------

Threads class SMR info:
_java_thread_list=0x00007ffa75536a18, length=0, elements={
}

Java Threads: ( => current thread )

Other Threads:
  0x000001faaffbac60 GCTaskThread "GC Thread#0" [stack: 0x00000024ad100000,0x00000024ad200000] [id=11400]

[error occurred during error reporting (printing all threads), id 0xc0000005, EXCEPTION_ACCESS_VIOLATION (0xc0000005) at pc=0x00007ffa74d68020]

VM state: not at safepoint (not fully initialized)

VM Mutex/Monitor currently owned by a thread:  ([mutex/lock_event])
[0x000001faaff5f0a0] Heap_lock - owner thread: 0x000001faaff61cc0

Heap address: 0x0000000089c00000, size: 1892 MB, Compressed Oops mode: 32-bit

CDS archive(s) mapped at: [0x0000000000000000-0x0000000000000000-0x0000000000000000), size 0, SharedBaseAddress: 0x0000000800000000, ArchiveRelocationMode: 1.
Narrow klass base: 0x0000000000000000, Narrow klass shift: 0, Narrow klass range: 0x0

GC Precious Log:
<Empty>

Heap:
 garbage-first heap   total 0K, used 0K [0x0000000089c00000, 0x0000000100000000)
  region size 1024K, 0 young (0K), 0 survivors (0K)

[error occurred during error reporting (printing heap information), id 0xc0000005, EXCEPTION_ACCESS_VIOLATION (0xc0000005) at pc=0x00007ffa75151249]

GC Heap History (0 events):
No events

Deoptimization events (0 events):
No events

Classes unloaded (0 events):
No events

Classes redefined (0 events):
No events

Internal exceptions (0 events):
No events

VM Operations (0 events):
No events

Events (1 events):
Event: 0.041 Loaded shared library C:\Program Files\Java\jdk-17\bin\java.dll


Dynamic libraries:
0x00007ff634f50000 - 0x00007ff634f60000 	C:\Program Files\Java\jdk-17\bin\java.exe
0x00007ffb1eac0000 - 0x00007ffb1ed23000 	C:\WINDOWS\SYSTEM32\ntdll.dll
0x00007ffb1dd00000 - 0x00007ffb1ddc7000 	C:\WINDOWS\System32\KERNEL32.DLL
0x00007ffb1be10000 - 0x00007ffb1c1d9000 	C:\WINDOWS\System32\KERNELBASE.dll
0x00007ffb1bcc0000 - 0x00007ffb1be0c000 	C:\WINDOWS\System32\ucrtbase.dll
0x00007ffb09a30000 - 0x00007ffb09a49000 	C:\Program Files\Java\jdk-17\bin\jli.dll
0x00007ffb05140000 - 0x00007ffb0515b000 	C:\Program Files\Java\jdk-17\bin\VCRUNTIME140.dll
0x00007ffb1d5e0000 - 0x00007ffb1d692000 	C:\WINDOWS\System32\ADVAPI32.dll
0x00007ffb1e300000 - 0x00007ffb1e3a9000 	C:\WINDOWS\System32\msvcrt.dll
0x00007ffb1d730000 - 0x00007ffb1d7d6000 	C:\WINDOWS\System32\sechost.dll
0x00007ffb1e1e0000 - 0x00007ffb1e2f6000 	C:\WINDOWS\System32\RPCRT4.dll
0x00007ffb1c990000 - 0x00007ffb1cb5a000 	C:\WINDOWS\System32\USER32.dll
0x00007ffb1c8b0000 - 0x00007ffb1c8d7000 	C:\WINDOWS\System32\win32u.dll
0x00007ffb1e5c0000 - 0x00007ffb1e5ea000 	C:\WINDOWS\System32\GDI32.dll
0x00007ffb06ac0000 - 0x00007ffb06d50000 	C:\WINDOWS\WinSxS\amd64_microsoft.windows.common-controls_6595b64144ccf1df_6.0.26100.3323_none_3e088096e3344490\COMCTL32.dll
0x00007ffb1c410000 - 0x00007ffb1c541000 	C:\WINDOWS\System32\gdi32full.dll
0x00007ffb1c360000 - 0x00007ffb1c403000 	C:\WINDOWS\System32\msvcp_win.dll
0x00007ffb13210000 - 0x00007ffb1321b000 	C:\WINDOWS\SYSTEM32\VERSION.dll
0x00007ffb1e410000 - 0x00007ffb1e43f000 	C:\WINDOWS\System32\IMM32.DLL
0x00007ffb12f00000 - 0x00007ffb12f0c000 	C:\Program Files\Java\jdk-17\bin\vcruntime140_1.dll
0x00007ffaf0b00000 - 0x00007ffaf0b8e000 	C:\Program Files\Java\jdk-17\bin\msvcp140.dll
0x00007ffa74a80000 - 0x00007ffa7565f000 	C:\Program Files\Java\jdk-17\bin\server\jvm.dll
0x00007ffb1ddd0000 - 0x00007ffb1ddd8000 	C:\WINDOWS\System32\PSAPI.DLL
0x00007ffb12320000 - 0x00007ffb12356000 	C:\WINDOWS\SYSTEM32\WINMM.dll
0x00007ffb0e8d0000 - 0x00007ffb0e8da000 	C:\WINDOWS\SYSTEM32\WSOCK32.dll
0x00007ffb1c910000 - 0x00007ffb1c984000 	C:\WINDOWS\System32\WS2_32.dll
0x00007ffb1aac0000 - 0x00007ffb1aada000 	C:\WINDOWS\SYSTEM32\kernel.appcore.dll
0x00007ffb0e880000 - 0x00007ffb0e88a000 	C:\Program Files\Java\jdk-17\bin\jimage.dll
0x00007ffb193f0000 - 0x00007ffb19631000 	C:\WINDOWS\SYSTEM32\DBGHELP.DLL
0x00007ffb1d8c0000 - 0x00007ffb1dc42000 	C:\WINDOWS\System32\combase.dll
0x00007ffb1d7e0000 - 0x00007ffb1d8b6000 	C:\WINDOWS\System32\OLEAUT32.dll
0x00007ffb05ba0000 - 0x00007ffb05bd9000 	C:\WINDOWS\SYSTEM32\dbgcore.DLL
0x00007ffb1c550000 - 0x00007ffb1c5e9000 	C:\WINDOWS\System32\bcryptPrimitives.dll
0x00007ffb02360000 - 0x00007ffb02385000 	C:\Program Files\Java\jdk-17\bin\java.dll

dbghelp: loaded successfully - version: 4.0.5 - missing functions: none
symbol engine: initialized successfully - sym options: 0x614 - pdb path: .;C:\Program Files\Java\jdk-17\bin;C:\WINDOWS\SYSTEM32;C:\WINDOWS\WinSxS\amd64_microsoft.windows.common-controls_6595b64144ccf1df_6.0.26100.3323_none_3e088096e3344490;C:\Program Files\Java\jdk-17\bin\server

VM Arguments:
java_command: C:\Users\PP\AppData\Local\Temp\surefire3657102308357186182\surefirebooter-20250319212337024_3.jar C:\Users\PP\AppData\Local\Temp\surefire3657102308357186182 2025-03-19T21-23-36_393-jvmRun1 surefire-20250319212337024_1tmp surefire_0-20250319212337024_2tmp
java_class_path (initial): C:\Users\PP\AppData\Local\Temp\surefire3657102308357186182\surefirebooter-20250319212337024_3.jar
Launcher Type: SUN_STANDARD

[Global flags]
     intx CICompilerCount                          = 4                                         {product} {ergonomic}
     uint ConcGCThreads                            = 3                                         {product} {ergonomic}
     uint G1ConcRefinementThreads                  = 10                                        {product} {ergonomic}
   size_t G1HeapRegionSize                         = 1048576                                   {product} {ergonomic}
    uintx GCDrainStackTargetSize                   = 64                                        {product} {ergonomic}
   size_t InitialHeapSize                          = 125829120                                 {product} {ergonomic}
   size_t MarkStackSize                            = 4194304                                   {product} {ergonomic}
   size_t MaxHeapSize                              = 1983905792                                {product} {ergonomic}
   size_t MinHeapDeltaBytes                        = 1048576                                   {product} {ergonomic}
   size_t MinHeapSize                              = 8388608                                   {product} {ergonomic}
    uintx NonNMethodCodeHeapSize                   = 5839372                                {pd product} {ergonomic}
    uintx NonProfiledCodeHeapSize                  = 122909434                              {pd product} {ergonomic}
    uintx ProfiledCodeHeapSize                     = 122909434                              {pd product} {ergonomic}
    uintx ReservedCodeCacheSize                    = 251658240                              {pd product} {ergonomic}
     bool SegmentedCodeCache                       = true                                      {product} {ergonomic}
   size_t SoftMaxHeapSize                          = 1983905792                             {manageable} {ergonomic}
     bool UseCompressedClassPointers               = true                           {product lp64_product} {ergonomic}
     bool UseCompressedOops                        = true                           {product lp64_product} {ergonomic}
     bool UseG1GC                                  = true                                      {product} {ergonomic}
     bool UseLargePagesIndividualAllocation        = false                                  {pd product} {ergonomic}

Logging:
Log output configuration:
 #0: stdout all=warning uptime,level,tags
 #1: stderr all=off uptime,level,tags

Environment Variables:
PATH=C:\Program Files\Common Files\Oracle\Java\javapath;C:\Program Files (x86)\Common Files\Oracle\Java\java8path;C:\Program Files (x86)\Common Files\Oracle\Java\javapath;C:\WINDOWS\system32;C:\WINDOWS;C:\WINDOWS\System32\Wbem;C:\WINDOWS\System32\WindowsPowerShell\v1.0\;C:\WINDOWS\System32\OpenSSH\;C:\Program Files\Java\jre-1.8\bin;C:\Program Files\Java\jdk-11\bin;C:\Program Files\Microsoft VS Code\bin;C:\Program Files\Java\jdk-17\bin;C:\ProgramData\chocolatey\bin;C:\Users\PP\AppData\Roaming\npm;C:\Users\PP\AppData\Roaming\nvm;C:\Program Files\nodejs;C:\Program Files\Vim\vim91;C:\Program Files\Kubernetes\Minikube;C:\WINDOWS\system32;C:\WINDOWS;C:\WINDOWS\System32\Wbem;C:\WINDOWS\System32\WindowsPowerShell\v1.0\;C:\WINDOWS\System32\OpenSSH\;C:\apache-maven-3.9.9\bin;C:\apache-maven-3.9.9\bin;C:\Program Files\Docker\Docker\resources\bin;C:\Program Files\Git\cmd;C:\Users\PP\AppData\Local\Microsoft\WindowsApps;C:\Program Files\Java\jdk-11\bin;C:\Program Files\Java\jre-1.8\bin;C:\Users\PP\AppData\Local\Programs\mongosh\;C:\Program Files\Java\jdk-17\bin;C:\Program Files\JetBrains\IntelliJ IDEA Community Edition 2023.3.5\bin;;C:\Program Files\JetBrains\IntelliJ IDEA 2023.1.3\bin;;C:\Users\PP\AppData\Local\Microsoft\WinGet\Packages\Schniz.fnm_Microsoft.Winget.Source_8wekyb3d8bbwe;C:\Users\PP\AppData\Roaming\npm;C:\Users\PP\AppData\Roaming\nvm;C:\Program Files\nodejs;C:\Program Files\MongoDB\Server\7.0\bin;C:\Program Files\MongoDB\Tools\100\bin;C:\Program Files\Vim\vim91;C:\apache-maven-3.9.9\bin;
USERNAME=PP
OS=Windows_NT
PROCESSOR_IDENTIFIER=AMD64 Family 23 Model 104 Stepping 1, AuthenticAMD



---------------  S Y S T E M  ---------------

OS:
 Windows 11 , 64 bit Build 26100 (10.0.26100.3323)
OS uptime: 6 days 1:44 hours
Hyper-V role detected

CPU: total 12 (initial active 12) (12 cores per cpu, 2 threads per core) family 23 model 104 stepping 1 microcode 0x8608103, cx8, cmov, fxsr, ht, mmx, 3dnowpref, sse, sse2, sse3, ssse3, sse4a, sse4.1, sse4.2, popcnt, lzcnt, tsc, tscinvbit, avx, avx2, aes, clmul, bmi1, bmi2, adx, sha, fma, vzeroupper, clflush, clflushopt, hv

Memory: 4k page, system-wide physical 7561M (222M free)
TotalPageFile size 31113M (AvailPageFile size 3M)
current process WorkingSet (physical memory assigned to process): 12M, peak: 12M
current process commit charge ("private bytes"): 62M, peak: 63M

vm_info: Java HotSpot(TM) 64-Bit Server VM (17.0.10+11-LTS-240) for windows-amd64 JRE (17.0.10+11-LTS-240), built on Dec 19 2023 21:47:25 by "mach5one" with MS VC++ 17.1 (VS2022)

END.
