#
# There is insufficient memory for the Java Runtime Environment to continue.
# Native memory allocation (malloc) failed to allocate 1361936 bytes for Chunk::new
# Possible reasons:
#   The system is out of physical RAM or swap space
#   The process is running with CompressedOops enabled, and the Java Heap may be blocking the growth of the native heap
# Possible solutions:
#   Reduce memory load on the system
#   Increase physical memory or swap space
#   Check if swap backing store is full
#   Decrease Java heap size (-Xmx/-Xms)
#   Decrease number of Java threads
#   Decrease Java thread stack sizes (-Xss)
#   Set larger code cache with -XX:ReservedCodeCacheSize=
#   JVM is running with Unscaled Compressed Oops mode in which the Java heap is
#     placed in the first 4GB address space. The Java Heap base address is the
#     maximum limit for the native heap growth. Please use -XX:HeapBaseMinAddress
#     to set the Java Heap base and to place the Java Heap above 4GB virtual address.
# This output file may be truncated or incomplete.
#
#  Out of Memory Error (arena.cpp:189), pid=11056, tid=5764
#
# JRE version: Java(TM) SE Runtime Environment (17.0.10+11) (build 17.0.10+11-LTS-240)
# Java VM: Java HotSpot(TM) 64-Bit Server VM (17.0.10+11-LTS-240, mixed mode, sharing, tiered, compressed oops, compressed class ptrs, g1 gc, windows-amd64)
# No core dump will be written. Minidumps are not enabled by default on client versions of Windows
#

---------------  S U M M A R Y ------------

Command Line: -Dmaven.multiModuleProjectDirectory=P:\Major Project\e-commerce_\ecommerce-microservices\Ecommerce-App-Product-service -Djansi.passthrough=true -Dmaven.home=C:\Program Files\JetBrains\IntelliJ IDEA 2023.1.3\plugins\maven\lib\maven3 -Dclassworlds.conf=C:\Program Files\JetBrains\IntelliJ IDEA 2023.1.3\plugins\maven\lib\maven3\bin\m2.conf -Dmaven.ext.class.path=C:\Program Files\JetBrains\IntelliJ IDEA 2023.1.3\plugins\maven\lib\maven-event-listener.jar -javaagent:C:\Program Files\JetBrains\IntelliJ IDEA 2023.1.3\lib\idea_rt.jar=9911 -Dfile.encoding=UTF-8 org.codehaus.classworlds.Launcher -Didea.version=2024.3.4.1 clean install jib:build

Host: AMD Ryzen 5 5500U with Radeon Graphics         , 12 cores, 7G,  Windows 11 , 64 bit Build 26100 (10.0.26100.3323)
Time: Wed Mar 19 21:23:37 2025 India Standard Time elapsed time: 33.109014 seconds (0d 0h 0m 33s)

---------------  T H R E A D  ---------------

Current thread (0x000001b6c6c3d5b0):  JavaThread "C2 CompilerThread0" daemon [_thread_in_native, id=5764, stack(0x0000004167400000,0x0000004167500000)]


Current CompileTask:
C2:  33109 8598       4       org.eclipse.sisu.inject.LocatedBeans$Itr::hasNext (169 bytes)

Stack: [0x0000004167400000,0x0000004167500000]
Native frames: (J=compiled Java code, j=interpreted, Vv=VM code, C=native code)
V  [jvm.dll+0x677a5a]
V  [jvm.dll+0x7d8b2d]
V  [jvm.dll+0x7da48e]
V  [jvm.dll+0x7daaf3]
V  [jvm.dll+0x2455ff]
V  [jvm.dll+0xaaafb]
V  [jvm.dll+0xab09c]
V  [jvm.dll+0x361b5f]
V  [jvm.dll+0x32c211]
V  [jvm.dll+0x32b6aa]
V  [jvm.dll+0x21794f]
V  [jvm.dll+0x216d81]
V  [jvm.dll+0x1a3410]
V  [jvm.dll+0x226aeb]
V  [jvm.dll+0x224cab]
V  [jvm.dll+0x78e45c]
V  [jvm.dll+0x78888a]
V  [jvm.dll+0x676935]
C  [ucrtbase.dll+0x37b0]
C  [KERNEL32.DLL+0x2e8d7]
C  [ntdll.dll+0xbbf6c]


---------------  P R O C E S S  ---------------

Threads class SMR info:
_java_thread_list=0x000001b70d4e2e00, length=20, elements={
0x000001b6a839a7d0, 0x000001b6c6c197a0, 0x000001b6c6c1bc90, 0x000001b6c6c2cdb0,
0x000001b6c6c2d290, 0x000001b6c6c2d770, 0x000001b6c6c2de60, 0x000001b6c6c3d5b0,
0x000001b6c6c45d80, 0x000001b6c6c466b0, 0x000001b70c0bf5e0, 0x000001b70c1a41b0,
0x000001b70c1a4690, 0x000001b70d26da10, 0x000001b70c8fafb0, 0x000001b70c8fb4c0,
0x000001b70c8fd320, 0x000001b70c8fb9d0, 0x000001b70c73c160, 0x000001b70c73ad20
}

Java Threads: ( => current thread )
  0x000001b6a839a7d0 JavaThread "main" [_thread_in_native, id=8184, stack(0x0000004166700000,0x0000004166800000)]
  0x000001b6c6c197a0 JavaThread "Reference Handler" daemon [_thread_blocked, id=31436, stack(0x0000004166e00000,0x0000004166f00000)]
  0x000001b6c6c1bc90 JavaThread "Finalizer" daemon [_thread_blocked, id=15584, stack(0x0000004166f00000,0x0000004167000000)]
  0x000001b6c6c2cdb0 JavaThread "Signal Dispatcher" daemon [_thread_blocked, id=29476, stack(0x0000004167000000,0x0000004167100000)]
  0x000001b6c6c2d290 JavaThread "Attach Listener" daemon [_thread_blocked, id=13756, stack(0x0000004167100000,0x0000004167200000)]
  0x000001b6c6c2d770 JavaThread "Service Thread" daemon [_thread_blocked, id=25964, stack(0x0000004167200000,0x0000004167300000)]
  0x000001b6c6c2de60 JavaThread "Monitor Deflation Thread" daemon [_thread_blocked, id=33284, stack(0x0000004167300000,0x0000004167400000)]
=>0x000001b6c6c3d5b0 JavaThread "C2 CompilerThread0" daemon [_thread_in_native, id=5764, stack(0x0000004167400000,0x0000004167500000)]
  0x000001b6c6c45d80 JavaThread "C1 CompilerThread0" daemon [_thread_blocked, id=4360, stack(0x0000004167500000,0x0000004167600000)]
  0x000001b6c6c466b0 JavaThread "Sweeper thread" daemon [_thread_blocked, id=33260, stack(0x0000004167600000,0x0000004167700000)]
  0x000001b70c0bf5e0 JavaThread "Common-Cleaner" daemon [_thread_blocked, id=29248, stack(0x0000004167700000,0x0000004167800000)]
  0x000001b70c1a41b0 JavaThread "Monitor Ctrl-Break" daemon [_thread_in_native, id=31792, stack(0x0000004167800000,0x0000004167900000)]
  0x000001b70c1a4690 JavaThread "Notification Thread" daemon [_thread_blocked, id=31564, stack(0x0000004167900000,0x0000004167a00000)]
  0x000001b70d26da10 JavaThread "Thread-1" daemon [_thread_blocked, id=30860, stack(0x0000004168400000,0x0000004168500000)]
  0x000001b70c8fafb0 JavaThread "timeout-check-timer" daemon [_thread_blocked, id=4232, stack(0x0000004168700000,0x0000004168800000)]
  0x000001b70c8fb4c0 JavaThread "ping-timer-10s" daemon [_thread_blocked, id=26828, stack(0x0000004168900000,0x0000004168a00000)]
  0x000001b70c8fd320 JavaThread "ThreadedStreamConsumer" daemon [_thread_blocked, id=33636, stack(0x0000004168a00000,0x0000004168b00000)]
  0x000001b70c8fb9d0 JavaThread "fork-1-err-thread" daemon [_thread_in_native, id=25364, stack(0x0000004168b00000,0x0000004168c00000)]
  0x000001b70c73c160 JavaThread "commands-fork-1" daemon [_thread_blocked, id=19596, stack(0x0000004168c00000,0x0000004168d00000)]
  0x000001b70c73ad20 JavaThread "fork-1-event-thread" daemon [_thread_in_native, id=18828, stack(0x0000004168d00000,0x0000004168e00000)]

Other Threads:
  0x000001b6c6c0daa0 VMThread "VM Thread" [stack: 0x0000004166d00000,0x0000004166e00000] [id=17964]
  0x000001b6a840e750 WatcherThread [stack: 0x0000004167a00000,0x0000004167b00000] [id=9800]
  0x000001b6a83ef900 GCTaskThread "GC Thread#0" [stack: 0x0000004166800000,0x0000004166900000] [id=31604]
  0x000001b70c8870d0 GCTaskThread "GC Thread#1" [stack: 0x0000004167b00000,0x0000004167c00000] [id=31308]
  0x000001b70cc46e70 GCTaskThread "GC Thread#2" [stack: 0x0000004167c00000,0x0000004167d00000] [id=12864]
  0x000001b70cc47130 GCTaskThread "GC Thread#3" [stack: 0x0000004167d00000,0x0000004167e00000] [id=33720]
  0x000001b70cc4b810 GCTaskThread "GC Thread#4" [stack: 0x0000004167e00000,0x0000004167f00000] [id=5668]
  0x000001b70cc4dae0 GCTaskThread "GC Thread#5" [stack: 0x0000004167f00000,0x0000004168000000] [id=20460]
  0x000001b70cc4dda0 GCTaskThread "GC Thread#6" [stack: 0x0000004168000000,0x0000004168100000] [id=5152]
  0x000001b70cd1f4d0 GCTaskThread "GC Thread#7" [stack: 0x0000004168100000,0x0000004168200000] [id=32960]
  0x000001b70cda0490 GCTaskThread "GC Thread#8" [stack: 0x0000004168200000,0x0000004168300000] [id=26468]
  0x000001b70d293700 GCTaskThread "GC Thread#9" [stack: 0x0000004168500000,0x0000004168600000] [id=28544]
  0x000001b6a83fec10 ConcurrentGCThread "G1 Main Marker" [stack: 0x0000004166900000,0x0000004166a00000] [id=16464]
  0x000001b6a6ade3a0 ConcurrentGCThread "G1 Conc#0" [stack: 0x0000004166a00000,0x0000004166b00000] [id=13016]
  0x000001b70db22280 ConcurrentGCThread "G1 Conc#1" [stack: 0x0000004168300000,0x0000004168400000] [id=2936]
  0x000001b70e295de0 ConcurrentGCThread "G1 Conc#2" [stack: 0x0000004168600000,0x0000004168700000] [id=2912]
  0x000001b6a845e550 ConcurrentGCThread "G1 Refine#0" [stack: 0x0000004166b00000,0x0000004166c00000] [id=11476]
  0x000001b70c189ad0 ConcurrentGCThread "G1 Refine#1" [stack: 0x0000004168800000,0x0000004168900000] [id=11012]
  0x000001b6a845e840 ConcurrentGCThread "G1 Service" [stack: 0x0000004166c00000,0x0000004166d00000] [id=12976]

Threads with active compile tasks:
C2 CompilerThread0    33184 8598       4       org.eclipse.sisu.inject.LocatedBeans$Itr::hasNext (169 bytes)

VM state: not at safepoint (normal execution)

VM Mutex/Monitor currently owned by a thread: None

Heap address: 0x0000000089c00000, size: 1892 MB, Compressed Oops mode: 32-bit

CDS archive(s) mapped at: [0x000001b6c7000000-0x000001b6c7bd0000-0x000001b6c7bd0000), size 12386304, SharedBaseAddress: 0x000001b6c7000000, ArchiveRelocationMode: 1.
Compressed class space mapped at: 0x000001b6c8000000-0x000001b708000000, reserved size: 1073741824
Narrow klass base: 0x000001b6c7000000, Narrow klass shift: 0, Narrow klass range: 0x100000000

GC Precious Log:
 CPUs: 12 total, 12 available
 Memory: 7561M
 Large Page Support: Disabled
 NUMA Support: Disabled
 Compressed Oops: Enabled (32-bit)
 Heap Region Size: 1M
 Heap Min Capacity: 8M
 Heap Initial Capacity: 120M
 Heap Max Capacity: 1892M
 Pre-touch: Disabled
 Parallel Workers: 10
 Concurrent Workers: 3
 Concurrent Refinement Workers: 10
 Periodic GC: Disabled

Heap:
 garbage-first heap   total 242688K, used 74113K [0x0000000089c00000, 0x0000000100000000)
  region size 1024K, 12 young (12288K), 8 survivors (8192K)
 Metaspace       used 36255K, committed 36608K, reserved 1114112K
  class space    used 4092K, committed 4288K, reserved 1048576K

Heap Regions: E=young(eden), S=young(survivor), O=old, HS=humongous(starts), HC=humongous(continues), CS=collection set, F=free, OA=open archive, CA=closed archive, TAMS=top-at-mark-start (previous, next)
|   0|0x0000000089c00000, 0x0000000089d00000, 0x0000000089d00000|100%| O|  |TAMS 0x0000000089d00000, 0x0000000089c00000| Untracked 
|   1|0x0000000089d00000, 0x0000000089e00000, 0x0000000089e00000|100%| O|  |TAMS 0x0000000089e00000, 0x0000000089d00000| Untracked 
|   2|0x0000000089e00000, 0x0000000089f00000, 0x0000000089f00000|100%| O|  |TAMS 0x0000000089f00000, 0x0000000089e00000| Untracked 
|   3|0x0000000089f00000, 0x000000008a000000, 0x000000008a000000|100%| O|  |TAMS 0x000000008a000000, 0x0000000089f00000| Untracked 
|   4|0x000000008a000000, 0x000000008a100000, 0x000000008a100000|100%| O|  |TAMS 0x000000008a100000, 0x000000008a000000| Untracked 
|   5|0x000000008a100000, 0x000000008a200000, 0x000000008a200000|100%| O|  |TAMS 0x000000008a200000, 0x000000008a100000| Untracked 
|   6|0x000000008a200000, 0x000000008a300000, 0x000000008a300000|100%| O|  |TAMS 0x000000008a300000, 0x000000008a200000| Untracked 
|   7|0x000000008a300000, 0x000000008a400000, 0x000000008a400000|100%| O|  |TAMS 0x000000008a400000, 0x000000008a300000| Untracked 
|   8|0x000000008a400000, 0x000000008a500000, 0x000000008a500000|100%| O|  |TAMS 0x000000008a500000, 0x000000008a400000| Untracked 
|   9|0x000000008a500000, 0x000000008a600000, 0x000000008a600000|100%| O|  |TAMS 0x000000008a600000, 0x000000008a500000| Untracked 
|  10|0x000000008a600000, 0x000000008a700000, 0x000000008a700000|100%| O|  |TAMS 0x000000008a700000, 0x000000008a600000| Untracked 
|  11|0x000000008a700000, 0x000000008a800000, 0x000000008a800000|100%| O|  |TAMS 0x000000008a800000, 0x000000008a700000| Untracked 
|  12|0x000000008a800000, 0x000000008a900000, 0x000000008a900000|100%| O|  |TAMS 0x000000008a900000, 0x000000008a800000| Untracked 
|  13|0x000000008a900000, 0x000000008aa00000, 0x000000008aa00000|100%|HS|  |TAMS 0x000000008aa00000, 0x000000008a900000| Complete 
|  14|0x000000008aa00000, 0x000000008ab00000, 0x000000008ab00000|100%| O|  |TAMS 0x000000008ab00000, 0x000000008aa00000| Untracked 
|  15|0x000000008ab00000, 0x000000008ac00000, 0x000000008ac00000|100%| O|  |TAMS 0x000000008ac00000, 0x000000008ab00000| Untracked 
|  16|0x000000008ac00000, 0x000000008ad00000, 0x000000008ad00000|100%|HS|  |TAMS 0x000000008ad00000, 0x000000008ac00000| Complete 
|  17|0x000000008ad00000, 0x000000008ae00000, 0x000000008ae00000|100%|HC|  |TAMS 0x000000008ae00000, 0x000000008ad00000| Complete 
|  18|0x000000008ae00000, 0x000000008af00000, 0x000000008af00000|100%| O|  |TAMS 0x000000008af00000, 0x000000008ae00000| Untracked 
|  19|0x000000008af00000, 0x000000008b000000, 0x000000008b000000|100%| O|  |TAMS 0x000000008b000000, 0x000000008af00000| Untracked 
|  20|0x000000008b000000, 0x000000008b0fda00, 0x000000008b100000| 99%| O|  |TAMS 0x000000008b0fda00, 0x000000008b000000| Untracked 
|  21|0x000000008b100000, 0x000000008b200000, 0x000000008b200000|100%|HS|  |TAMS 0x000000008b200000, 0x000000008b100000| Complete 
|  22|0x000000008b200000, 0x000000008b300000, 0x000000008b300000|100%| O|  |TAMS 0x000000008b300000, 0x000000008b200000| Untracked 
|  23|0x000000008b300000, 0x000000008b400000, 0x000000008b400000|100%| O|  |TAMS 0x000000008b400000, 0x000000008b300000| Untracked 
|  24|0x000000008b400000, 0x000000008b500000, 0x000000008b500000|100%| O|  |TAMS 0x000000008b500000, 0x000000008b400000| Complete 
|  25|0x000000008b500000, 0x000000008b600000, 0x000000008b600000|100%| O|  |TAMS 0x000000008b600000, 0x000000008b500000| Untracked 
|  26|0x000000008b600000, 0x000000008b700000, 0x000000008b700000|100%| O|  |TAMS 0x000000008b700000, 0x000000008b600000| Untracked 
|  27|0x000000008b700000, 0x000000008b800000, 0x000000008b800000|100%| O|  |TAMS 0x000000008b800000, 0x000000008b700000| Untracked 
|  28|0x000000008b800000, 0x000000008b900000, 0x000000008b900000|100%| O|  |TAMS 0x000000008b900000, 0x000000008b800000| Untracked 
|  29|0x000000008b900000, 0x000000008ba00000, 0x000000008ba00000|100%| O|  |TAMS 0x000000008ba00000, 0x000000008b900000| Untracked 
|  30|0x000000008ba00000, 0x000000008bb00000, 0x000000008bb00000|100%| O|  |TAMS 0x000000008bb00000, 0x000000008ba00000| Untracked 
|  31|0x000000008bb00000, 0x000000008bc00000, 0x000000008bc00000|100%|HS|  |TAMS 0x000000008bc00000, 0x000000008bb00000| Complete 
|  32|0x000000008bc00000, 0x000000008bd00000, 0x000000008bd00000|100%|HS|  |TAMS 0x000000008bd00000, 0x000000008bc00000| Complete 
|  33|0x000000008bd00000, 0x000000008be00000, 0x000000008be00000|100%|HC|  |TAMS 0x000000008be00000, 0x000000008bd00000| Complete 
|  34|0x000000008be00000, 0x000000008bf00000, 0x000000008bf00000|100%|HS|  |TAMS 0x000000008bf00000, 0x000000008be00000| Complete 
|  35|0x000000008bf00000, 0x000000008c000000, 0x000000008c000000|100%|HS|  |TAMS 0x000000008c000000, 0x000000008bf00000| Complete 
|  36|0x000000008c000000, 0x000000008c100000, 0x000000008c100000|100%| O|  |TAMS 0x000000008c0b8000, 0x000000008c000000| Untracked 
|  37|0x000000008c100000, 0x000000008c200000, 0x000000008c200000|100%| O|  |TAMS 0x000000008c100000, 0x000000008c100000| Untracked 
|  38|0x000000008c200000, 0x000000008c300000, 0x000000008c300000|100%| O|  |TAMS 0x000000008c200000, 0x000000008c200000| Untracked 
|  39|0x000000008c300000, 0x000000008c400000, 0x000000008c400000|100%| O|  |TAMS 0x000000008c400000, 0x000000008c300000| Untracked 
|  40|0x000000008c400000, 0x000000008c500000, 0x000000008c500000|100%| O|  |TAMS 0x000000008c500000, 0x000000008c400000| Untracked 
|  41|0x000000008c500000, 0x000000008c600000, 0x000000008c600000|100%| O|  |TAMS 0x000000008c600000, 0x000000008c500000| Untracked 
|  42|0x000000008c600000, 0x000000008c700000, 0x000000008c700000|100%| O|  |TAMS 0x000000008c700000, 0x000000008c600000| Complete 
|  43|0x000000008c700000, 0x000000008c800000, 0x000000008c800000|100%| O|  |TAMS 0x000000008c800000, 0x000000008c700000| Complete 
|  44|0x000000008c800000, 0x000000008c900000, 0x000000008c900000|100%| O|  |TAMS 0x000000008c900000, 0x000000008c800000| Untracked 
|  45|0x000000008c900000, 0x000000008ca00000, 0x000000008ca00000|100%| O|  |TAMS 0x000000008ca00000, 0x000000008c900000| Untracked 
|  46|0x000000008ca00000, 0x000000008cb00000, 0x000000008cb00000|100%| O|  |TAMS 0x000000008ca00000, 0x000000008ca00000| Untracked 
|  47|0x000000008cb00000, 0x000000008cc00000, 0x000000008cc00000|100%| O|  |TAMS 0x000000008cb00000, 0x000000008cb00000| Untracked 
|  48|0x000000008cc00000, 0x000000008cd00000, 0x000000008cd00000|100%| O|  |TAMS 0x000000008cc00000, 0x000000008cc00000| Untracked 
|  49|0x000000008cd00000, 0x000000008ce00000, 0x000000008ce00000|100%| O|  |TAMS 0x000000008cd00000, 0x000000008cd00000| Untracked 
|  50|0x000000008ce00000, 0x000000008cf00000, 0x000000008cf00000|100%| O|  |TAMS 0x000000008ce00000, 0x000000008ce00000| Untracked 
|  51|0x000000008cf00000, 0x000000008d000000, 0x000000008d000000|100%| O|  |TAMS 0x000000008cf00000, 0x000000008cf00000| Untracked 
|  52|0x000000008d000000, 0x000000008d100000, 0x000000008d100000|100%| O|  |TAMS 0x000000008d000000, 0x000000008d000000| Untracked 
|  53|0x000000008d100000, 0x000000008d162a00, 0x000000008d200000| 38%| O|  |TAMS 0x000000008d100000, 0x000000008d100000| Untracked 
|  54|0x000000008d200000, 0x000000008d200000, 0x000000008d300000|  0%| F|  |TAMS 0x000000008d200000, 0x000000008d200000| Untracked 
|  55|0x000000008d300000, 0x000000008d300000, 0x000000008d400000|  0%| F|  |TAMS 0x000000008d300000, 0x000000008d300000| Untracked 
|  56|0x000000008d400000, 0x000000008d400000, 0x000000008d500000|  0%| F|  |TAMS 0x000000008d400000, 0x000000008d400000| Untracked 
|  57|0x000000008d500000, 0x000000008d500000, 0x000000008d600000|  0%| F|  |TAMS 0x000000008d500000, 0x000000008d500000| Untracked 
|  58|0x000000008d600000, 0x000000008d600000, 0x000000008d700000|  0%| F|  |TAMS 0x000000008d600000, 0x000000008d600000| Untracked 
|  59|0x000000008d700000, 0x000000008d700000, 0x000000008d800000|  0%| F|  |TAMS 0x000000008d700000, 0x000000008d700000| Untracked 
|  60|0x000000008d800000, 0x000000008d800000, 0x000000008d900000|  0%| F|  |TAMS 0x000000008d800000, 0x000000008d800000| Untracked 
|  61|0x000000008d900000, 0x000000008d900000, 0x000000008da00000|  0%| F|  |TAMS 0x000000008d900000, 0x000000008d900000| Untracked 
|  62|0x000000008da00000, 0x000000008da00000, 0x000000008db00000|  0%| F|  |TAMS 0x000000008da00000, 0x000000008da00000| Untracked 
|  63|0x000000008db00000, 0x000000008db00000, 0x000000008dc00000|  0%| F|  |TAMS 0x000000008db00000, 0x000000008db00000| Untracked 
|  64|0x000000008dc00000, 0x000000008dc00000, 0x000000008dd00000|  0%| F|  |TAMS 0x000000008dc00000, 0x000000008dc00000| Untracked 
|  65|0x000000008dd00000, 0x000000008dd00000, 0x000000008de00000|  0%| F|  |TAMS 0x000000008dd00000, 0x000000008dd00000| Untracked 
|  66|0x000000008de00000, 0x000000008de00000, 0x000000008df00000|  0%| F|  |TAMS 0x000000008de00000, 0x000000008de00000| Untracked 
|  67|0x000000008df00000, 0x000000008df00000, 0x000000008e000000|  0%| F|  |TAMS 0x000000008df00000, 0x000000008df00000| Untracked 
|  68|0x000000008e000000, 0x000000008e000000, 0x000000008e100000|  0%| F|  |TAMS 0x000000008e000000, 0x000000008e000000| Untracked 
|  69|0x000000008e100000, 0x000000008e100000, 0x000000008e200000|  0%| F|  |TAMS 0x000000008e100000, 0x000000008e100000| Untracked 
|  70|0x000000008e200000, 0x000000008e200000, 0x000000008e300000|  0%| F|  |TAMS 0x000000008e200000, 0x000000008e200000| Untracked 
|  71|0x000000008e300000, 0x000000008e300000, 0x000000008e400000|  0%| F|  |TAMS 0x000000008e300000, 0x000000008e300000| Untracked 
|  72|0x000000008e400000, 0x000000008e400000, 0x000000008e500000|  0%| F|  |TAMS 0x000000008e400000, 0x000000008e400000| Untracked 
|  73|0x000000008e500000, 0x000000008e500000, 0x000000008e600000|  0%| F|  |TAMS 0x000000008e500000, 0x000000008e500000| Untracked 
|  74|0x000000008e600000, 0x000000008e600000, 0x000000008e700000|  0%| F|  |TAMS 0x000000008e600000, 0x000000008e600000| Untracked 
|  75|0x000000008e700000, 0x000000008e700000, 0x000000008e800000|  0%| F|  |TAMS 0x000000008e700000, 0x000000008e700000| Untracked 
|  76|0x000000008e800000, 0x000000008e800000, 0x000000008e900000|  0%| F|  |TAMS 0x000000008e800000, 0x000000008e800000| Untracked 
|  77|0x000000008e900000, 0x000000008e900000, 0x000000008ea00000|  0%| F|  |TAMS 0x000000008e900000, 0x000000008e900000| Untracked 
|  78|0x000000008ea00000, 0x000000008ea00000, 0x000000008eb00000|  0%| F|  |TAMS 0x000000008ea00000, 0x000000008ea00000| Untracked 
|  79|0x000000008eb00000, 0x000000008eb00000, 0x000000008ec00000|  0%| F|  |TAMS 0x000000008eb00000, 0x000000008eb00000| Untracked 
|  80|0x000000008ec00000, 0x000000008ec00000, 0x000000008ed00000|  0%| F|  |TAMS 0x000000008ec00000, 0x000000008ec00000| Untracked 
|  81|0x000000008ed00000, 0x000000008ed00000, 0x000000008ee00000|  0%| F|  |TAMS 0x000000008ed00000, 0x000000008ed00000| Untracked 
|  82|0x000000008ee00000, 0x000000008ee00000, 0x000000008ef00000|  0%| F|  |TAMS 0x000000008ee00000, 0x000000008ee00000| Untracked 
|  83|0x000000008ef00000, 0x000000008ef00000, 0x000000008f000000|  0%| F|  |TAMS 0x000000008ef00000, 0x000000008ef00000| Untracked 
|  84|0x000000008f000000, 0x000000008f000000, 0x000000008f100000|  0%| F|  |TAMS 0x000000008f000000, 0x000000008f000000| Untracked 
|  85|0x000000008f100000, 0x000000008f100000, 0x000000008f200000|  0%| F|  |TAMS 0x000000008f100000, 0x000000008f100000| Untracked 
|  86|0x000000008f200000, 0x000000008f200000, 0x000000008f300000|  0%| F|  |TAMS 0x000000008f200000, 0x000000008f200000| Untracked 
|  87|0x000000008f300000, 0x000000008f300000, 0x000000008f400000|  0%| F|  |TAMS 0x000000008f300000, 0x000000008f300000| Untracked 
|  88|0x000000008f400000, 0x000000008f400000, 0x000000008f500000|  0%| F|  |TAMS 0x000000008f400000, 0x000000008f400000| Untracked 
|  89|0x000000008f500000, 0x000000008f500000, 0x000000008f600000|  0%| F|  |TAMS 0x000000008f500000, 0x000000008f500000| Untracked 
|  90|0x000000008f600000, 0x000000008f600000, 0x000000008f700000|  0%| F|  |TAMS 0x000000008f600000, 0x000000008f600000| Untracked 
|  91|0x000000008f700000, 0x000000008f700000, 0x000000008f800000|  0%| F|  |TAMS 0x000000008f700000, 0x000000008f700000| Untracked 
|  92|0x000000008f800000, 0x000000008f800000, 0x000000008f900000|  0%| F|  |TAMS 0x000000008f800000, 0x000000008f800000| Untracked 
|  93|0x000000008f900000, 0x000000008f900000, 0x000000008fa00000|  0%| F|  |TAMS 0x000000008f900000, 0x000000008f900000| Untracked 
|  94|0x000000008fa00000, 0x000000008fa00000, 0x000000008fb00000|  0%| F|  |TAMS 0x000000008fa00000, 0x000000008fa00000| Untracked 
|  95|0x000000008fb00000, 0x000000008fb00000, 0x000000008fc00000|  0%| F|  |TAMS 0x000000008fb00000, 0x000000008fb00000| Untracked 
|  96|0x000000008fc00000, 0x000000008fc00000, 0x000000008fd00000|  0%| F|  |TAMS 0x000000008fc00000, 0x000000008fc00000| Untracked 
|  97|0x000000008fd00000, 0x000000008fd00000, 0x000000008fe00000|  0%| F|  |TAMS 0x000000008fd00000, 0x000000008fd00000| Untracked 
|  98|0x000000008fe00000, 0x000000008fe00000, 0x000000008ff00000|  0%| F|  |TAMS 0x000000008fe00000, 0x000000008fe00000| Untracked 
|  99|0x000000008ff00000, 0x000000008ff00000, 0x0000000090000000|  0%| F|  |TAMS 0x000000008ff00000, 0x000000008ff00000| Untracked 
| 100|0x0000000090000000, 0x0000000090000000, 0x0000000090100000|  0%| F|  |TAMS 0x0000000090000000, 0x0000000090000000| Untracked 
| 101|0x0000000090100000, 0x0000000090100000, 0x0000000090200000|  0%| F|  |TAMS 0x0000000090100000, 0x0000000090100000| Untracked 
| 102|0x0000000090200000, 0x0000000090200000, 0x0000000090300000|  0%| F|  |TAMS 0x0000000090200000, 0x0000000090200000| Untracked 
| 103|0x0000000090300000, 0x0000000090300000, 0x0000000090400000|  0%| F|  |TAMS 0x0000000090300000, 0x0000000090300000| Untracked 
| 104|0x0000000090400000, 0x0000000090400000, 0x0000000090500000|  0%| F|  |TAMS 0x0000000090400000, 0x0000000090400000| Untracked 
| 105|0x0000000090500000, 0x0000000090500000, 0x0000000090600000|  0%| F|  |TAMS 0x0000000090500000, 0x0000000090500000| Untracked 
| 106|0x0000000090600000, 0x0000000090600000, 0x0000000090700000|  0%| F|  |TAMS 0x0000000090600000, 0x0000000090600000| Untracked 
| 107|0x0000000090700000, 0x0000000090700000, 0x0000000090800000|  0%| F|  |TAMS 0x0000000090700000, 0x0000000090700000| Untracked 
| 108|0x0000000090800000, 0x0000000090800000, 0x0000000090900000|  0%| F|  |TAMS 0x0000000090800000, 0x0000000090800000| Untracked 
| 109|0x0000000090900000, 0x0000000090900000, 0x0000000090a00000|  0%| F|  |TAMS 0x0000000090900000, 0x0000000090900000| Untracked 
| 110|0x0000000090a00000, 0x0000000090a00000, 0x0000000090b00000|  0%| F|  |TAMS 0x0000000090a00000, 0x0000000090a00000| Untracked 
| 111|0x0000000090b00000, 0x0000000090b00000, 0x0000000090c00000|  0%| F|  |TAMS 0x0000000090b00000, 0x0000000090b00000| Untracked 
| 112|0x0000000090c00000, 0x0000000090c00000, 0x0000000090d00000|  0%| F|  |TAMS 0x0000000090c00000, 0x0000000090c00000| Untracked 
| 113|0x0000000090d00000, 0x0000000090d00000, 0x0000000090e00000|  0%| F|  |TAMS 0x0000000090d00000, 0x0000000090d00000| Untracked 
| 114|0x0000000090e00000, 0x0000000090e00000, 0x0000000090f00000|  0%| F|  |TAMS 0x0000000090e00000, 0x0000000090e00000| Untracked 
| 115|0x0000000090f00000, 0x0000000090f00000, 0x0000000091000000|  0%| F|  |TAMS 0x0000000090f00000, 0x0000000090f00000| Untracked 
| 116|0x0000000091000000, 0x0000000091000000, 0x0000000091100000|  0%| F|  |TAMS 0x0000000091000000, 0x0000000091000000| Untracked 
| 117|0x0000000091100000, 0x0000000091100000, 0x0000000091200000|  0%| F|  |TAMS 0x0000000091100000, 0x0000000091100000| Untracked 
| 118|0x0000000091200000, 0x0000000091200000, 0x0000000091300000|  0%| F|  |TAMS 0x0000000091200000, 0x0000000091200000| Untracked 
| 119|0x0000000091300000, 0x0000000091300000, 0x0000000091400000|  0%| F|  |TAMS 0x0000000091300000, 0x0000000091300000| Untracked 
| 120|0x0000000091400000, 0x0000000091400000, 0x0000000091500000|  0%| F|  |TAMS 0x0000000091400000, 0x0000000091400000| Untracked 
| 121|0x0000000091500000, 0x0000000091500000, 0x0000000091600000|  0%| F|  |TAMS 0x0000000091500000, 0x0000000091500000| Untracked 
| 122|0x0000000091600000, 0x0000000091600000, 0x0000000091700000|  0%| F|  |TAMS 0x0000000091600000, 0x0000000091600000| Untracked 
| 123|0x0000000091700000, 0x0000000091700000, 0x0000000091800000|  0%| F|  |TAMS 0x0000000091700000, 0x0000000091700000| Untracked 
| 124|0x0000000091800000, 0x0000000091800000, 0x0000000091900000|  0%| F|  |TAMS 0x0000000091800000, 0x0000000091800000| Untracked 
| 125|0x0000000091900000, 0x0000000091900000, 0x0000000091a00000|  0%| F|  |TAMS 0x0000000091900000, 0x0000000091900000| Untracked 
| 126|0x0000000091a00000, 0x0000000091a00000, 0x0000000091b00000|  0%| F|  |TAMS 0x0000000091a00000, 0x0000000091a00000| Untracked 
| 127|0x0000000091b00000, 0x0000000091b00000, 0x0000000091c00000|  0%| F|  |TAMS 0x0000000091b00000, 0x0000000091b00000| Untracked 
| 128|0x0000000091c00000, 0x0000000091c00000, 0x0000000091d00000|  0%| F|  |TAMS 0x0000000091c00000, 0x0000000091c00000| Untracked 
| 129|0x0000000091d00000, 0x0000000091d00000, 0x0000000091e00000|  0%| F|  |TAMS 0x0000000091d00000, 0x0000000091d00000| Untracked 
| 130|0x0000000091e00000, 0x0000000091f00000, 0x0000000091f00000|100%| S|CS|TAMS 0x0000000091e00000, 0x0000000091e00000| Complete 
| 131|0x0000000091f00000, 0x0000000092000000, 0x0000000092000000|100%| S|CS|TAMS 0x0000000091f00000, 0x0000000091f00000| Complete 
| 132|0x0000000092000000, 0x0000000092100000, 0x0000000092100000|100%| S|CS|TAMS 0x0000000092000000, 0x0000000092000000| Complete 
| 133|0x0000000092100000, 0x0000000092200000, 0x0000000092200000|100%| S|CS|TAMS 0x0000000092100000, 0x0000000092100000| Complete 
| 134|0x0000000092200000, 0x0000000092300000, 0x0000000092300000|100%| S|CS|TAMS 0x0000000092200000, 0x0000000092200000| Complete 
| 135|0x0000000092300000, 0x0000000092400000, 0x0000000092400000|100%| S|CS|TAMS 0x0000000092300000, 0x0000000092300000| Complete 
| 136|0x0000000092400000, 0x0000000092500000, 0x0000000092500000|100%| S|CS|TAMS 0x0000000092400000, 0x0000000092400000| Complete 
| 137|0x0000000092500000, 0x0000000092600000, 0x0000000092600000|100%| S|CS|TAMS 0x0000000092500000, 0x0000000092500000| Complete 
| 138|0x0000000092600000, 0x0000000092600000, 0x0000000092700000|  0%| F|  |TAMS 0x0000000092600000, 0x0000000092600000| Untracked 
| 139|0x0000000092700000, 0x0000000092700000, 0x0000000092800000|  0%| F|  |TAMS 0x0000000092700000, 0x0000000092700000| Untracked 
| 140|0x0000000092800000, 0x0000000092800000, 0x0000000092900000|  0%| F|  |TAMS 0x0000000092800000, 0x0000000092800000| Untracked 
| 141|0x0000000092900000, 0x0000000092900000, 0x0000000092a00000|  0%| F|  |TAMS 0x0000000092900000, 0x0000000092900000| Untracked 
| 142|0x0000000092a00000, 0x0000000092a00000, 0x0000000092b00000|  0%| F|  |TAMS 0x0000000092a00000, 0x0000000092a00000| Untracked 
| 143|0x0000000092b00000, 0x0000000092b00000, 0x0000000092c00000|  0%| F|  |TAMS 0x0000000092b00000, 0x0000000092b00000| Untracked 
| 144|0x0000000092c00000, 0x0000000092c00000, 0x0000000092d00000|  0%| F|  |TAMS 0x0000000092c00000, 0x0000000092c00000| Untracked 
| 145|0x0000000092d00000, 0x0000000092d00000, 0x0000000092e00000|  0%| F|  |TAMS 0x0000000092d00000, 0x0000000092d00000| Untracked 
| 146|0x0000000092e00000, 0x0000000092e00000, 0x0000000092f00000|  0%| F|  |TAMS 0x0000000092e00000, 0x0000000092e00000| Untracked 
| 147|0x0000000092f00000, 0x0000000092f00000, 0x0000000093000000|  0%| F|  |TAMS 0x0000000092f00000, 0x0000000092f00000| Untracked 
| 148|0x0000000093000000, 0x0000000093000000, 0x0000000093100000|  0%| F|  |TAMS 0x0000000093000000, 0x0000000093000000| Untracked 
| 149|0x0000000093100000, 0x0000000093100000, 0x0000000093200000|  0%| F|  |TAMS 0x0000000093100000, 0x0000000093100000| Untracked 
| 150|0x0000000093200000, 0x0000000093200000, 0x0000000093300000|  0%| F|  |TAMS 0x0000000093200000, 0x0000000093200000| Untracked 
| 151|0x0000000093300000, 0x0000000093300000, 0x0000000093400000|  0%| F|  |TAMS 0x0000000093300000, 0x0000000093300000| Untracked 
| 152|0x0000000093400000, 0x0000000093400000, 0x0000000093500000|  0%| F|  |TAMS 0x0000000093400000, 0x0000000093400000| Untracked 
| 153|0x0000000093500000, 0x0000000093500000, 0x0000000093600000|  0%| F|  |TAMS 0x0000000093500000, 0x0000000093500000| Untracked 
| 154|0x0000000093600000, 0x0000000093600000, 0x0000000093700000|  0%| F|  |TAMS 0x0000000093600000, 0x0000000093600000| Untracked 
| 155|0x0000000093700000, 0x0000000093700000, 0x0000000093800000|  0%| F|  |TAMS 0x0000000093700000, 0x0000000093700000| Untracked 
| 156|0x0000000093800000, 0x0000000093800000, 0x0000000093900000|  0%| F|  |TAMS 0x0000000093800000, 0x0000000093800000| Untracked 
| 157|0x0000000093900000, 0x0000000093900000, 0x0000000093a00000|  0%| F|  |TAMS 0x0000000093900000, 0x0000000093900000| Untracked 
| 158|0x0000000093a00000, 0x0000000093a00000, 0x0000000093b00000|  0%| F|  |TAMS 0x0000000093a00000, 0x0000000093a00000| Untracked 
| 159|0x0000000093b00000, 0x0000000093b00000, 0x0000000093c00000|  0%| F|  |TAMS 0x0000000093b00000, 0x0000000093b00000| Untracked 
| 160|0x0000000093c00000, 0x0000000093c00000, 0x0000000093d00000|  0%| F|  |TAMS 0x0000000093c00000, 0x0000000093c00000| Untracked 
| 161|0x0000000093d00000, 0x0000000093d00000, 0x0000000093e00000|  0%| F|  |TAMS 0x0000000093d00000, 0x0000000093d00000| Untracked 
| 162|0x0000000093e00000, 0x0000000093e00000, 0x0000000093f00000|  0%| F|  |TAMS 0x0000000093e00000, 0x0000000093e00000| Untracked 
| 163|0x0000000093f00000, 0x0000000093f00000, 0x0000000094000000|  0%| F|  |TAMS 0x0000000093f00000, 0x0000000093f00000| Untracked 
| 164|0x0000000094000000, 0x0000000094000000, 0x0000000094100000|  0%| F|  |TAMS 0x0000000094000000, 0x0000000094000000| Untracked 
| 165|0x0000000094100000, 0x0000000094100000, 0x0000000094200000|  0%| F|  |TAMS 0x0000000094100000, 0x0000000094100000| Untracked 
| 166|0x0000000094200000, 0x0000000094200000, 0x0000000094300000|  0%| F|  |TAMS 0x0000000094200000, 0x0000000094200000| Untracked 
| 167|0x0000000094300000, 0x0000000094300000, 0x0000000094400000|  0%| F|  |TAMS 0x0000000094300000, 0x0000000094300000| Untracked 
| 168|0x0000000094400000, 0x0000000094400000, 0x0000000094500000|  0%| F|  |TAMS 0x0000000094400000, 0x0000000094400000| Untracked 
| 169|0x0000000094500000, 0x0000000094500000, 0x0000000094600000|  0%| F|  |TAMS 0x0000000094500000, 0x0000000094500000| Untracked 
| 170|0x0000000094600000, 0x0000000094600000, 0x0000000094700000|  0%| F|  |TAMS 0x0000000094600000, 0x0000000094600000| Untracked 
| 171|0x0000000094700000, 0x0000000094700000, 0x0000000094800000|  0%| F|  |TAMS 0x0000000094700000, 0x0000000094700000| Untracked 
| 172|0x0000000094800000, 0x0000000094800000, 0x0000000094900000|  0%| F|  |TAMS 0x0000000094800000, 0x0000000094800000| Untracked 
| 173|0x0000000094900000, 0x0000000094900000, 0x0000000094a00000|  0%| F|  |TAMS 0x0000000094900000, 0x0000000094900000| Untracked 
| 174|0x0000000094a00000, 0x0000000094a00000, 0x0000000094b00000|  0%| F|  |TAMS 0x0000000094a00000, 0x0000000094a00000| Untracked 
| 175|0x0000000094b00000, 0x0000000094b00000, 0x0000000094c00000|  0%| F|  |TAMS 0x0000000094b00000, 0x0000000094b00000| Untracked 
| 176|0x0000000094c00000, 0x0000000094c00000, 0x0000000094d00000|  0%| F|  |TAMS 0x0000000094c00000, 0x0000000094c00000| Untracked 
| 177|0x0000000094d00000, 0x0000000094d00000, 0x0000000094e00000|  0%| F|  |TAMS 0x0000000094d00000, 0x0000000094d00000| Untracked 
| 178|0x0000000094e00000, 0x0000000094e00000, 0x0000000094f00000|  0%| F|  |TAMS 0x0000000094e00000, 0x0000000094e00000| Untracked 
| 179|0x0000000094f00000, 0x0000000094f00000, 0x0000000095000000|  0%| F|  |TAMS 0x0000000094f00000, 0x0000000094f00000| Untracked 
| 180|0x0000000095000000, 0x0000000095000000, 0x0000000095100000|  0%| F|  |TAMS 0x0000000095000000, 0x0000000095000000| Untracked 
| 181|0x0000000095100000, 0x0000000095100000, 0x0000000095200000|  0%| F|  |TAMS 0x0000000095100000, 0x0000000095100000| Untracked 
| 182|0x0000000095200000, 0x0000000095200000, 0x0000000095300000|  0%| F|  |TAMS 0x0000000095200000, 0x0000000095200000| Untracked 
| 183|0x0000000095300000, 0x0000000095300000, 0x0000000095400000|  0%| F|  |TAMS 0x0000000095300000, 0x0000000095300000| Untracked 
| 184|0x0000000095400000, 0x0000000095400000, 0x0000000095500000|  0%| F|  |TAMS 0x0000000095400000, 0x0000000095400000| Untracked 
| 185|0x0000000095500000, 0x0000000095500000, 0x0000000095600000|  0%| F|  |TAMS 0x0000000095500000, 0x0000000095500000| Untracked 
| 186|0x0000000095600000, 0x0000000095600000, 0x0000000095700000|  0%| F|  |TAMS 0x0000000095600000, 0x0000000095600000| Untracked 
| 187|0x0000000095700000, 0x0000000095700000, 0x0000000095800000|  0%| F|  |TAMS 0x0000000095700000, 0x0000000095700000| Untracked 
| 188|0x0000000095800000, 0x0000000095800000, 0x0000000095900000|  0%| F|  |TAMS 0x0000000095800000, 0x0000000095800000| Untracked 
| 189|0x0000000095900000, 0x0000000095900000, 0x0000000095a00000|  0%| F|  |TAMS 0x0000000095900000, 0x0000000095900000| Untracked 
| 190|0x0000000095a00000, 0x0000000095a00000, 0x0000000095b00000|  0%| F|  |TAMS 0x0000000095a00000, 0x0000000095a00000| Untracked 
| 191|0x0000000095b00000, 0x0000000095b00000, 0x0000000095c00000|  0%| F|  |TAMS 0x0000000095b00000, 0x0000000095b00000| Untracked 
| 192|0x0000000095c00000, 0x0000000095c00000, 0x0000000095d00000|  0%| F|  |TAMS 0x0000000095c00000, 0x0000000095c00000| Untracked 
| 193|0x0000000095d00000, 0x0000000095d00000, 0x0000000095e00000|  0%| F|  |TAMS 0x0000000095d00000, 0x0000000095d00000| Untracked 
| 194|0x0000000095e00000, 0x0000000095e00000, 0x0000000095f00000|  0%| F|  |TAMS 0x0000000095e00000, 0x0000000095e00000| Untracked 
| 195|0x0000000095f00000, 0x0000000095f00000, 0x0000000096000000|  0%| F|  |TAMS 0x0000000095f00000, 0x0000000095f00000| Untracked 
| 196|0x0000000096000000, 0x0000000096000000, 0x0000000096100000|  0%| F|  |TAMS 0x0000000096000000, 0x0000000096000000| Untracked 
| 197|0x0000000096100000, 0x0000000096100000, 0x0000000096200000|  0%| F|  |TAMS 0x0000000096100000, 0x0000000096100000| Untracked 
| 198|0x0000000096200000, 0x0000000096200000, 0x0000000096300000|  0%| F|  |TAMS 0x0000000096200000, 0x0000000096200000| Untracked 
| 199|0x0000000096300000, 0x0000000096300000, 0x0000000096400000|  0%| F|  |TAMS 0x0000000096300000, 0x0000000096300000| Untracked 
| 200|0x0000000096400000, 0x0000000096400000, 0x0000000096500000|  0%| F|  |TAMS 0x0000000096400000, 0x0000000096400000| Untracked 
| 201|0x0000000096500000, 0x0000000096500000, 0x0000000096600000|  0%| F|  |TAMS 0x0000000096500000, 0x0000000096500000| Untracked 
| 202|0x0000000096600000, 0x0000000096600000, 0x0000000096700000|  0%| F|  |TAMS 0x0000000096600000, 0x0000000096600000| Untracked 
| 203|0x0000000096700000, 0x0000000096700000, 0x0000000096800000|  0%| F|  |TAMS 0x0000000096700000, 0x0000000096700000| Untracked 
| 204|0x0000000096800000, 0x0000000096800000, 0x0000000096900000|  0%| F|  |TAMS 0x0000000096800000, 0x0000000096800000| Untracked 
| 205|0x0000000096900000, 0x0000000096900000, 0x0000000096a00000|  0%| F|  |TAMS 0x0000000096900000, 0x0000000096900000| Untracked 
| 206|0x0000000096a00000, 0x0000000096a00000, 0x0000000096b00000|  0%| F|  |TAMS 0x0000000096a00000, 0x0000000096a00000| Untracked 
| 207|0x0000000096b00000, 0x0000000096b00000, 0x0000000096c00000|  0%| F|  |TAMS 0x0000000096b00000, 0x0000000096b00000| Untracked 
| 208|0x0000000096c00000, 0x0000000096c00000, 0x0000000096d00000|  0%| F|  |TAMS 0x0000000096c00000, 0x0000000096c00000| Untracked 
| 209|0x0000000096d00000, 0x0000000096d00000, 0x0000000096e00000|  0%| F|  |TAMS 0x0000000096d00000, 0x0000000096d00000| Untracked 
| 210|0x0000000096e00000, 0x0000000096e00000, 0x0000000096f00000|  0%| F|  |TAMS 0x0000000096e00000, 0x0000000096e00000| Untracked 
| 211|0x0000000096f00000, 0x0000000096f00000, 0x0000000097000000|  0%| F|  |TAMS 0x0000000096f00000, 0x0000000096f00000| Untracked 
| 212|0x0000000097000000, 0x0000000097000000, 0x0000000097100000|  0%| F|  |TAMS 0x0000000097000000, 0x0000000097000000| Untracked 
| 213|0x0000000097100000, 0x0000000097100000, 0x0000000097200000|  0%| F|  |TAMS 0x0000000097100000, 0x0000000097100000| Untracked 
| 214|0x0000000097200000, 0x0000000097200000, 0x0000000097300000|  0%| F|  |TAMS 0x0000000097200000, 0x0000000097200000| Untracked 
| 215|0x0000000097300000, 0x0000000097300000, 0x0000000097400000|  0%| F|  |TAMS 0x0000000097300000, 0x0000000097300000| Untracked 
| 216|0x0000000097400000, 0x0000000097400000, 0x0000000097500000|  0%| F|  |TAMS 0x0000000097400000, 0x0000000097400000| Untracked 
| 217|0x0000000097500000, 0x0000000097500000, 0x0000000097600000|  0%| F|  |TAMS 0x0000000097500000, 0x0000000097500000| Untracked 
| 218|0x0000000097600000, 0x0000000097600000, 0x0000000097700000|  0%| F|  |TAMS 0x0000000097600000, 0x0000000097600000| Untracked 
| 219|0x0000000097700000, 0x0000000097700000, 0x0000000097800000|  0%| F|  |TAMS 0x0000000097700000, 0x0000000097700000| Untracked 
| 220|0x0000000097800000, 0x0000000097800000, 0x0000000097900000|  0%| F|  |TAMS 0x0000000097800000, 0x0000000097800000| Untracked 
| 221|0x0000000097900000, 0x0000000097900000, 0x0000000097a00000|  0%| F|  |TAMS 0x0000000097900000, 0x0000000097900000| Untracked 
| 222|0x0000000097a00000, 0x0000000097a00000, 0x0000000097b00000|  0%| F|  |TAMS 0x0000000097a00000, 0x0000000097a00000| Untracked 
| 223|0x0000000097b00000, 0x0000000097b00000, 0x0000000097c00000|  0%| F|  |TAMS 0x0000000097b00000, 0x0000000097b00000| Untracked 
| 224|0x0000000097c00000, 0x0000000097c00000, 0x0000000097d00000|  0%| F|  |TAMS 0x0000000097c00000, 0x0000000097c00000| Untracked 
| 225|0x0000000097d00000, 0x0000000097d00800, 0x0000000097e00000|  0%| E|  |TAMS 0x0000000097d00000, 0x0000000097d00000| Complete 
| 226|0x0000000097e00000, 0x0000000097f00000, 0x0000000097f00000|100%| E|CS|TAMS 0x0000000097e00000, 0x0000000097e00000| Complete 
| 227|0x0000000097f00000, 0x0000000098000000, 0x0000000098000000|100%| E|CS|TAMS 0x0000000097f00000, 0x0000000097f00000| Complete 
| 244|0x0000000099000000, 0x0000000099100000, 0x0000000099100000|100%| E|CS|TAMS 0x0000000099000000, 0x0000000099000000| Complete 
|1884|0x00000000ff800000, 0x00000000ff900000, 0x00000000ff900000|100%| O|  |TAMS 0x00000000ff900000, 0x00000000ff800000| Untracked 
|1885|0x00000000ff900000, 0x00000000ffa00000, 0x00000000ffa00000|100%| O|  |TAMS 0x00000000ffa00000, 0x00000000ff900000| Untracked 
|1886|0x00000000ffa00000, 0x00000000ffb00000, 0x00000000ffb00000|100%| O|  |TAMS 0x00000000ffb00000, 0x00000000ffa00000| Untracked 
|1887|0x00000000ffb00000, 0x00000000ffc00000, 0x00000000ffc00000|100%| O|  |TAMS 0x00000000ffc00000, 0x00000000ffb00000| Untracked 
|1888|0x00000000ffc00000, 0x00000000ffd00000, 0x00000000ffd00000|100%| O|  |TAMS 0x00000000ffd00000, 0x00000000ffc00000| Complete 
|1889|0x00000000ffd00000, 0x00000000ffe00000, 0x00000000ffe00000|100%| O|  |TAMS 0x00000000ffe00000, 0x00000000ffd00000| Untracked 
|1890|0x00000000ffe00000, 0x00000000fff00000, 0x00000000fff00000|100%| O|  |TAMS 0x00000000fff00000, 0x00000000ffe00000| Untracked 
|1891|0x00000000fff00000, 0x0000000100000000, 0x0000000100000000|100%| O|  |TAMS 0x0000000100000000, 0x00000000fff00000| Untracked 

Card table byte_map: [0x000001b6bfd40000,0x000001b6c0100000] _byte_map_base: 0x000001b6bf8f2000

Marking Bits (Prev, Next): (CMBitMap*) 0x000001b6a6adccd0, (CMBitMap*) 0x000001b6a6adcd10
 Prev Bits: [0x000001b6c04c0000, 0x000001b6c2250000)
 Next Bits: [0x000001b6c2250000, 0x000001b6c3fe0000)

Polling page: 0x000001b6a6b70000

Metaspace:

Usage:
  Non-class:     31.41 MB used.
      Class:      4.00 MB used.
       Both:     35.41 MB used.

Virtual space:
  Non-class space:       64.00 MB reserved,      31.56 MB ( 49%) committed,  1 nodes.
      Class space:        1.00 GB reserved,       4.19 MB ( <1%) committed,  1 nodes.
             Both:        1.06 GB reserved,      35.75 MB (  3%) committed. 

Chunk freelists:
   Non-Class:  15.94 MB
       Class:  11.84 MB
        Both:  27.78 MB

MaxMetaspaceSize: unlimited
CompressedClassSpaceSize: 1.00 GB
Initial GC threshold: 21.00 MB
Current GC threshold: 59.31 MB
CDS: on
MetaspaceReclaimPolicy: balanced
 - commit_granule_bytes: 65536.
 - commit_granule_words: 8192.
 - virtual_space_node_default_size: 8388608.
 - enlarge_chunks_in_place: 1.
 - new_chunks_are_fully_committed: 0.
 - uncommit_free_chunks: 1.
 - use_allocation_guard: 0.
 - handle_deallocations: 1.


Internal statistics:

num_allocs_failed_limit: 6.
num_arena_births: 298.
num_arena_deaths: 0.
num_vsnodes_births: 2.
num_vsnodes_deaths: 0.
num_space_committed: 572.
num_space_uncommitted: 0.
num_chunks_returned_to_freelist: 6.
num_chunks_taken_from_freelist: 1664.
num_chunk_merges: 6.
num_chunk_splits: 1128.
num_chunks_enlarged: 853.
num_inconsistent_stats: 0.

CodeHeap 'non-profiled nmethods': size=120000Kb used=4687Kb max_used=4687Kb free=115312Kb
 bounds [0x000001b6b77b0000, 0x000001b6b7c50000, 0x000001b6bece0000]
CodeHeap 'profiled nmethods': size=120000Kb used=18231Kb max_used=18231Kb free=101768Kb
 bounds [0x000001b6afce0000, 0x000001b6b0eb0000, 0x000001b6b7210000]
CodeHeap 'non-nmethods': size=5760Kb used=1246Kb max_used=1287Kb free=4513Kb
 bounds [0x000001b6b7210000, 0x000001b6b7480000, 0x000001b6b77b0000]
 total_blobs=8570 nmethods=8011 adapters=471
 compilation: enabled
              stopped_count=0, restarted_count=0
 full_count=0

Compilation events (20 events):
Event: 33.095 Thread 0x000001b6c6c45d80 8870       2       sun.invoke.util.Wrapper::isIntegral (23 bytes)
Event: 33.095 Thread 0x000001b6c6c45d80 nmethod 8870 0x000001b6b0ea9e10 code [0x000001b6b0ea9fa0, 0x000001b6b0eaa0f8]
Event: 33.095 Thread 0x000001b6c6c45d80 8871       2       sun.invoke.util.Wrapper::isNumeric (16 bytes)
Event: 33.096 Thread 0x000001b6c6c45d80 nmethod 8871 0x000001b6b0eaa190 code [0x000001b6b0eaa320, 0x000001b6b0eaa438]
Event: 33.096 Thread 0x000001b6c6c45d80 8873       1       org.apache.maven.surefire.api.stream.AbstractStreamDecoder$Memento::access$000 (5 bytes)
Event: 33.096 Thread 0x000001b6c6c45d80 nmethod 8873 0x000001b6b7c42790 code [0x000001b6b7c42920, 0x000001b6b7c429d8]
Event: 33.096 Thread 0x000001b6c6c45d80 8874       1       org.apache.maven.surefire.api.stream.AbstractStreamDecoder$Memento::getLine (5 bytes)
Event: 33.096 Thread 0x000001b6c6c45d80 nmethod 8874 0x000001b6b7c42a90 code [0x000001b6b7c42c20, 0x000001b6b7c42cf8]
Event: 33.097 Thread 0x000001b6c6c45d80 8875       1       org.apache.maven.surefire.api.stream.AbstractStreamDecoder$Memento::getByteBuffer (5 bytes)
Event: 33.097 Thread 0x000001b6c6c45d80 nmethod 8875 0x000001b6b7c42d90 code [0x000001b6b7c42f20, 0x000001b6b7c42ff8]
Event: 33.097 Thread 0x000001b6c6c45d80 8876       1       org.apache.maven.surefire.api.stream.AbstractStreamDecoder$MalformedFrameException::readFrom (5 bytes)
Event: 33.097 Thread 0x000001b6c6c45d80 nmethod 8876 0x000001b6b7c43090 code [0x000001b6b7c43220, 0x000001b6b7c432f8]
Event: 33.098 Thread 0x000001b6c6c45d80 8877  s    1       java.lang.StringBuffer::length (5 bytes)
Event: 33.098 Thread 0x000001b6c6c45d80 nmethod 8877 0x000001b6b7c43390 code [0x000001b6b7c43520, 0x000001b6b7c43698]
Event: 33.099 Thread 0x000001b6c6c45d80 8878       1       org.apache.maven.surefire.api.stream.AbstractStreamDecoder$BufferedStream::getPositionByteBuffer (5 bytes)
Event: 33.099 Thread 0x000001b6c6c45d80 nmethod 8878 0x000001b6b7c43710 code [0x000001b6b7c438a0, 0x000001b6b7c43978]
Event: 33.099 Thread 0x000001b6c6c45d80 8879       1       org.apache.maven.surefire.api.stream.AbstractStreamDecoder$MalformedFrameException::readTo (5 bytes)
Event: 33.099 Thread 0x000001b6c6c45d80 nmethod 8879 0x000001b6b7c43a10 code [0x000001b6b7c43ba0, 0x000001b6b7c43c78]
Event: 33.100 Thread 0x000001b6c6c45d80 8880       2       java.util.Calendar::internalGet (7 bytes)
Event: 33.101 Thread 0x000001b6c6c45d80 nmethod 8880 0x000001b6b0eaa510 code [0x000001b6b0eaa6a0, 0x000001b6b0eaa7d8]

GC Heap History (20 events):
Event: 3.687 GC heap before
{Heap before GC invocations=1 (full 0):
 garbage-first heap   total 122880K, used 33416K [0x0000000089c00000, 0x0000000100000000)
  region size 1024K, 32 young (32768K), 3 survivors (3072K)
 Metaspace       used 9315K, committed 9536K, reserved 1114112K
  class space    used 1114K, committed 1216K, reserved 1048576K
}
Event: 3.703 GC heap after
{Heap after GC invocations=2 (full 0):
 garbage-first heap   total 122880K, used 5449K [0x0000000089c00000, 0x0000000100000000)
  region size 1024K, 2 young (2048K), 2 survivors (2048K)
 Metaspace       used 9315K, committed 9536K, reserved 1114112K
  class space    used 1114K, committed 1216K, reserved 1048576K
}
Event: 7.167 GC heap before
{Heap before GC invocations=2 (full 0):
 garbage-first heap   total 122880K, used 77129K [0x0000000089c00000, 0x0000000100000000)
  region size 1024K, 72 young (73728K), 2 survivors (2048K)
 Metaspace       used 15877K, committed 16064K, reserved 1114112K
  class space    used 1882K, committed 1984K, reserved 1048576K
}
Event: 7.200 GC heap after
{Heap after GC invocations=3 (full 0):
 garbage-first heap   total 122880K, used 13057K [0x0000000089c00000, 0x0000000100000000)
  region size 1024K, 9 young (9216K), 9 survivors (9216K)
 Metaspace       used 15877K, committed 16064K, reserved 1114112K
  class space    used 1882K, committed 1984K, reserved 1048576K
}
Event: 8.985 GC heap before
{Heap before GC invocations=3 (full 0):
 garbage-first heap   total 122880K, used 77569K [0x0000000089c00000, 0x0000000100000000)
  region size 1024K, 72 young (73728K), 9 survivors (9216K)
 Metaspace       used 16522K, committed 16768K, reserved 1114112K
  class space    used 1906K, committed 2048K, reserved 1048576K
}
Event: 9.015 GC heap after
{Heap after GC invocations=4 (full 0):
 garbage-first heap   total 122880K, used 16927K [0x0000000089c00000, 0x0000000100000000)
  region size 1024K, 4 young (4096K), 4 survivors (4096K)
 Metaspace       used 16522K, committed 16768K, reserved 1114112K
  class space    used 1906K, committed 2048K, reserved 1048576K
}
Event: 10.501 GC heap before
{Heap before GC invocations=4 (full 0):
 garbage-first heap   total 122880K, used 86559K [0x0000000089c00000, 0x0000000100000000)
  region size 1024K, 72 young (73728K), 4 survivors (4096K)
 Metaspace       used 16933K, committed 17152K, reserved 1114112K
  class space    used 1917K, committed 2048K, reserved 1048576K
}
Event: 10.514 GC heap after
{Heap after GC invocations=5 (full 0):
 garbage-first heap   total 122880K, used 18975K [0x0000000089c00000, 0x0000000100000000)
  region size 1024K, 6 young (6144K), 6 survivors (6144K)
 Metaspace       used 16933K, committed 17152K, reserved 1114112K
  class space    used 1917K, committed 2048K, reserved 1048576K
}
Event: 14.956 GC heap before
{Heap before GC invocations=5 (full 0):
 garbage-first heap   total 122880K, used 78367K [0x0000000089c00000, 0x0000000100000000)
  region size 1024K, 60 young (61440K), 6 survivors (6144K)
 Metaspace       used 21229K, committed 21504K, reserved 1114112K
  class space    used 2404K, committed 2560K, reserved 1048576K
}
Event: 14.992 GC heap after
{Heap after GC invocations=6 (full 0):
 garbage-first heap   total 122880K, used 28662K [0x0000000089c00000, 0x0000000100000000)
  region size 1024K, 8 young (8192K), 8 survivors (8192K)
 Metaspace       used 21229K, committed 21504K, reserved 1114112K
  class space    used 2404K, committed 2560K, reserved 1048576K
}
Event: 17.304 GC heap before
{Heap before GC invocations=7 (full 0):
 garbage-first heap   total 99328K, used 81910K [0x0000000089c00000, 0x0000000100000000)
  region size 1024K, 58 young (59392K), 8 survivors (8192K)
 Metaspace       used 26553K, committed 26816K, reserved 1114112K
  class space    used 3038K, committed 3136K, reserved 1048576K
}
Event: 17.361 GC heap after
{Heap after GC invocations=8 (full 0):
 garbage-first heap   total 107520K, used 45346K [0x0000000089c00000, 0x0000000100000000)
  region size 1024K, 8 young (8192K), 8 survivors (8192K)
 Metaspace       used 26553K, committed 26816K, reserved 1114112K
  class space    used 3038K, committed 3136K, reserved 1048576K
}
Event: 17.373 GC heap before
{Heap before GC invocations=8 (full 0):
 garbage-first heap   total 107520K, used 46370K [0x0000000089c00000, 0x0000000100000000)
  region size 1024K, 9 young (9216K), 8 survivors (8192K)
 Metaspace       used 26566K, committed 26816K, reserved 1114112K
  class space    used 3039K, committed 3136K, reserved 1048576K
}
Event: 17.402 GC heap after
{Heap after GC invocations=9 (full 0):
 garbage-first heap   total 107520K, used 46582K [0x0000000089c00000, 0x0000000100000000)
  region size 1024K, 1 young (1024K), 1 survivors (1024K)
 Metaspace       used 26566K, committed 26816K, reserved 1114112K
  class space    used 3039K, committed 3136K, reserved 1048576K
}
Event: 18.832 GC heap before
{Heap before GC invocations=9 (full 0):
 garbage-first heap   total 107520K, used 77302K [0x0000000089c00000, 0x0000000100000000)
  region size 1024K, 31 young (31744K), 1 survivors (1024K)
 Metaspace       used 28085K, committed 28416K, reserved 1114112K
  class space    used 3162K, committed 3328K, reserved 1048576K
}
Event: 18.853 GC heap after
{Heap after GC invocations=10 (full 0):
 garbage-first heap   total 259072K, used 50678K [0x0000000089c00000, 0x0000000100000000)
  region size 1024K, 4 young (4096K), 4 survivors (4096K)
 Metaspace       used 28085K, committed 28416K, reserved 1114112K
  class space    used 3162K, committed 3328K, reserved 1048576K
}
Event: 26.687 GC heap before
{Heap before GC invocations=10 (full 0):
 garbage-first heap   total 259072K, used 174582K [0x0000000089c00000, 0x0000000100000000)
  region size 1024K, 121 young (123904K), 4 survivors (4096K)
 Metaspace       used 31776K, committed 32128K, reserved 1114112K
  class space    used 3595K, committed 3776K, reserved 1048576K
}
Event: 26.713 GC heap after
{Heap after GC invocations=11 (full 0):
 garbage-first heap   total 259072K, used 68310K [0x0000000089c00000, 0x0000000100000000)
  region size 1024K, 16 young (16384K), 16 survivors (16384K)
 Metaspace       used 31776K, committed 32128K, reserved 1114112K
  class space    used 3595K, committed 3776K, reserved 1048576K
}
Event: 32.819 GC heap before
{Heap before GC invocations=11 (full 0):
 garbage-first heap   total 259072K, used 176854K [0x0000000089c00000, 0x0000000100000000)
  region size 1024K, 123 young (125952K), 16 survivors (16384K)
 Metaspace       used 35894K, committed 36288K, reserved 1114112K
  class space    used 4040K, committed 4224K, reserved 1048576K
}
Event: 32.836 GC heap after
{Heap after GC invocations=12 (full 0):
 garbage-first heap   total 259072K, used 71041K [0x0000000089c00000, 0x0000000100000000)
  region size 1024K, 8 young (8192K), 8 survivors (8192K)
 Metaspace       used 35894K, committed 36288K, reserved 1114112K
  class space    used 4040K, committed 4224K, reserved 1048576K
}

Deoptimization events (20 events):
Event: 32.752 Thread 0x000001b6a839a7d0 Uncommon trap: trap_request=0xffffff45 fr.pc=0x000001b6b7aeb634 relative=0x0000000000000114
Event: 32.753 Thread 0x000001b6a839a7d0 Uncommon trap: reason=unstable_if action=reinterpret pc=0x000001b6b7aeb634 method=java.util.zip.CRC32.updateBytesCheck([BII)V @ 1 c2
Event: 32.753 Thread 0x000001b6a839a7d0 DEOPT PACKING pc=0x000001b6b7aeb634 sp=0x00000041667fd530
Event: 32.753 Thread 0x000001b6a839a7d0 DEOPT UNPACKING pc=0x000001b6b72623a3 sp=0x00000041667fd418 mode 2
Event: 32.944 Thread 0x000001b70c8fb9d0 Uncommon trap: trap_request=0xffffff45 fr.pc=0x000001b6b78a933c relative=0x00000000000004fc
Event: 32.944 Thread 0x000001b70c8fb9d0 Uncommon trap: reason=unstable_if action=reinterpret pc=0x000001b6b78a933c method=java.lang.AbstractStringBuilder.putStringAt(ILjava/lang/String;II)V @ 8 c2
Event: 32.944 Thread 0x000001b70c8fb9d0 DEOPT PACKING pc=0x000001b6b78a933c sp=0x0000004168bff100
Event: 32.944 Thread 0x000001b70c8fb9d0 DEOPT UNPACKING pc=0x000001b6b72623a3 sp=0x0000004168bfef88 mode 2
Event: 32.944 Thread 0x000001b70c8fb9d0 Uncommon trap: trap_request=0xffffff45 fr.pc=0x000001b6b78aa2bc relative=0x00000000000004fc
Event: 32.944 Thread 0x000001b70c8fb9d0 Uncommon trap: reason=unstable_if action=reinterpret pc=0x000001b6b78aa2bc method=java.lang.AbstractStringBuilder.putStringAt(ILjava/lang/String;II)V @ 8 c2
Event: 32.944 Thread 0x000001b70c8fb9d0 DEOPT PACKING pc=0x000001b6b78aa2bc sp=0x0000004168bff090
Event: 32.944 Thread 0x000001b70c8fb9d0 DEOPT UNPACKING pc=0x000001b6b72623a3 sp=0x0000004168bfef80 mode 2
Event: 32.944 Thread 0x000001b70c8fb9d0 Uncommon trap: trap_request=0xffffff45 fr.pc=0x000001b6b786f0f0 relative=0x00000000000003d0
Event: 32.944 Thread 0x000001b70c8fb9d0 Uncommon trap: reason=unstable_if action=reinterpret pc=0x000001b6b786f0f0 method=java.lang.StringBuilder.toString()Ljava/lang/String; @ 4 c2
Event: 32.944 Thread 0x000001b70c8fb9d0 DEOPT PACKING pc=0x000001b6b786f0f0 sp=0x0000004168bff110
Event: 32.944 Thread 0x000001b70c8fb9d0 DEOPT UNPACKING pc=0x000001b6b72623a3 sp=0x0000004168bff0f0 mode 2
Event: 32.944 Thread 0x000001b70c8fb9d0 Uncommon trap: trap_request=0xffffff45 fr.pc=0x000001b6b78f3e00 relative=0x0000000000000080
Event: 32.944 Thread 0x000001b70c8fb9d0 Uncommon trap: reason=unstable_if action=reinterpret pc=0x000001b6b78f3e00 method=java.lang.String.codePointAt(I)I @ 4 c2
Event: 32.944 Thread 0x000001b70c8fb9d0 DEOPT PACKING pc=0x000001b6b78f3e00 sp=0x0000004168bff080
Event: 32.944 Thread 0x000001b70c8fb9d0 DEOPT UNPACKING pc=0x000001b6b72623a3 sp=0x0000004168bff018 mode 2

Classes unloaded (0 events):
No events

Classes redefined (0 events):
No events

Internal exceptions (20 events):
Event: 30.899 Thread 0x000001b6a839a7d0 Exception <a 'sun/nio/fs/WindowsException'{0x0000000094bf7c98}> (0x0000000094bf7c98) 
thrown [s\open\src\hotspot\share\prims\jni.cpp, line 516]
Event: 30.899 Thread 0x000001b6a839a7d0 Exception <a 'sun/nio/fs/WindowsException'{0x0000000094bf80a0}> (0x0000000094bf80a0) 
thrown [s\open\src\hotspot\share\prims\jni.cpp, line 516]
Event: 30.912 Thread 0x000001b6a839a7d0 Exception <a 'sun/nio/fs/WindowsException'{0x0000000094ade9c0}> (0x0000000094ade9c0) 
thrown [s\open\src\hotspot\share\prims\jni.cpp, line 516]
Event: 30.921 Thread 0x000001b6a839a7d0 Exception <a 'sun/nio/fs/WindowsException'{0x0000000094af5f88}> (0x0000000094af5f88) 
thrown [s\open\src\hotspot\share\prims\jni.cpp, line 516]
Event: 30.935 Thread 0x000001b6a839a7d0 Exception <a 'sun/nio/fs/WindowsException'{0x0000000094afe038}> (0x0000000094afe038) 
thrown [s\open\src\hotspot\share\prims\jni.cpp, line 516]
Event: 30.935 Thread 0x000001b6a839a7d0 Exception <a 'sun/nio/fs/WindowsException'{0x0000000094afe808}> (0x0000000094afe808) 
thrown [s\open\src\hotspot\share\prims\jni.cpp, line 516]
Event: 30.935 Thread 0x000001b6a839a7d0 Exception <a 'sun/nio/fs/WindowsException'{0x0000000094afedc8}> (0x0000000094afedc8) 
thrown [s\open\src\hotspot\share\prims\jni.cpp, line 516]
Event: 30.935 Thread 0x000001b6a839a7d0 Exception <a 'sun/nio/fs/WindowsException'{0x0000000094aff570}> (0x0000000094aff570) 
thrown [s\open\src\hotspot\share\prims\jni.cpp, line 516]
Event: 30.935 Thread 0x000001b6a839a7d0 Exception <a 'sun/nio/fs/WindowsException'{0x0000000094aff978}> (0x0000000094aff978) 
thrown [s\open\src\hotspot\share\prims\jni.cpp, line 516]
Event: 30.936 Thread 0x000001b6a839a7d0 Exception <a 'sun/nio/fs/WindowsException'{0x0000000094910910}> (0x0000000094910910) 
thrown [s\open\src\hotspot\share\prims\jni.cpp, line 516]
Event: 30.936 Thread 0x000001b6a839a7d0 Exception <a 'sun/nio/fs/WindowsException'{0x0000000094910cd0}> (0x0000000094910cd0) 
thrown [s\open\src\hotspot\share\prims\jni.cpp, line 516]
Event: 30.936 Thread 0x000001b6a839a7d0 Exception <a 'sun/nio/fs/WindowsException'{0x00000000949119d8}> (0x00000000949119d8) 
thrown [s\open\src\hotspot\share\prims\jni.cpp, line 516]
Event: 30.936 Thread 0x000001b6a839a7d0 Exception <a 'sun/nio/fs/WindowsException'{0x0000000094911d88}> (0x0000000094911d88) 
thrown [s\open\src\hotspot\share\prims\jni.cpp, line 516]
Event: 30.936 Thread 0x000001b6a839a7d0 Exception <a 'sun/nio/fs/WindowsException'{0x0000000094912a80}> (0x0000000094912a80) 
thrown [s\open\src\hotspot\share\prims\jni.cpp, line 516]
Event: 31.914 Thread 0x000001b70c8fd320 Exception <a 'java/lang/NoSuchMethodError'{0x0000000093590160}: 'java.lang.Object java.lang.invoke.DirectMethodHandle$Holder.invokeStaticInit(java.lang.Object, java.lang.Object, long, java.lang.Object)'> (0x0000000093590160) 
thrown [s\open\src\hotspot\share\interpreter\linkResolver.cpp, line 759]
Event: 31.915 Thread 0x000001b70c8fd320 Exception <a 'java/lang/NoSuchMethodError'{0x00000000935967a8}: 'java.lang.Object java.lang.invoke.DirectMethodHandle$Holder.newInvokeSpecial(java.lang.Object, java.lang.Object, long)'> (0x00000000935967a8) 
thrown [s\open\src\hotspot\share\interpreter\linkResolver.cpp, line 759]
Event: 31.916 Thread 0x000001b70c8fd320 Exception <a 'java/lang/NoSuchMethodError'{0x000000009359a318}: 'java.lang.Object java.lang.invoke.Invokers$Holder.linkToTargetMethod(java.lang.Object, long, java.lang.Object)'> (0x000000009359a318) 
thrown [s\open\src\hotspot\share\interpreter\linkResolver.cpp, line 759]
Event: 32.177 Thread 0x000001b6a839a7d0 Exception <a 'java/lang/NoSuchMethodError'{0x00000000933c58a0}: 'java.lang.Object java.lang.invoke.DirectMethodHandle$Holder.invokeStaticInit(java.lang.Object, java.lang.Object, int, int, int, int)'> (0x00000000933c58a0) 
thrown [s\open\src\hotspot\share\interpreter\linkResolver.cpp, line 759]
Event: 32.818 Thread 0x000001b6a839a7d0 Exception <a 'java/lang/NoSuchMethodError'{0x0000000092692430}: 'void java.lang.invoke.DirectMethodHandle$Holder.invokeStatic(java.lang.Object, long)'> (0x0000000092692430) 
thrown [s\open\src\hotspot\share\interpreter\linkResolver.cpp, line 759]
Event: 32.837 Thread 0x000001b6a839a7d0 Exception <a 'java/lang/NoSuchMethodError'{0x0000000099002308}: 'java.lang.Object java.lang.invoke.DirectMethodHandle$Holder.newInvokeSpecial(java.lang.Object, long)'> (0x0000000099002308) 
thrown [s\open\src\hotspot\share\interpreter\linkResolver.cpp, line 759]

VM Operations (20 events):
Event: 32.651 Executing VM operation: HandshakeAllThreads
Event: 32.651 Executing VM operation: HandshakeAllThreads done
Event: 32.653 Executing VM operation: HandshakeAllThreads
Event: 32.653 Executing VM operation: HandshakeAllThreads done
Event: 32.771 Executing VM operation: HandshakeAllThreads
Event: 32.771 Executing VM operation: HandshakeAllThreads done
Event: 32.771 Executing VM operation: Cleanup
Event: 32.772 Executing VM operation: Cleanup done
Event: 32.819 Executing VM operation: CollectForMetadataAllocation
Event: 32.836 Executing VM operation: CollectForMetadataAllocation done
Event: 32.842 Executing VM operation: HandshakeAllThreads
Event: 32.842 Executing VM operation: HandshakeAllThreads done
Event: 32.853 Executing VM operation: HandshakeAllThreads
Event: 32.853 Executing VM operation: HandshakeAllThreads done
Event: 32.860 Executing VM operation: HandshakeAllThreads
Event: 32.861 Executing VM operation: HandshakeAllThreads done
Event: 32.886 Executing VM operation: G1Concurrent
Event: 32.901 Executing VM operation: G1Concurrent done
Event: 32.931 Executing VM operation: G1Concurrent
Event: 32.932 Executing VM operation: G1Concurrent done

Events (20 events):
Event: 32.839 loading class java/lang/ProcessImpl$2 done
Event: 32.839 loading class java/lang/Process$PipeInputStream
Event: 32.839 loading class java/lang/Process$PipeInputStream done
Event: 32.842 loading class jdk/internal/event/ProcessStartEvent
Event: 32.843 loading class jdk/internal/event/ProcessStartEvent done
Event: 32.844 loading class java/nio/channels/ClosedChannelException
Event: 32.846 loading class java/nio/channels/ClosedChannelException done
Event: 32.854 loading class java/nio/channels/NonReadableChannelException
Event: 32.855 loading class java/nio/channels/NonReadableChannelException done
Event: 32.861 loading class java/nio/channels/NonWritableChannelException
Event: 32.861 loading class java/nio/channels/NonWritableChannelException done
Event: 32.934 Thread 0x000001b70c8fb9d0 Thread added: 0x000001b70c8fb9d0
Event: 32.937 Thread 0x000001b70c73c160 Thread added: 0x000001b70c73c160
Event: 32.937 loading class java/util/Scanner
Event: 32.940 loading class java/util/Scanner done
Event: 32.942 loading class java/util/Scanner$PatternLRUCache
Event: 32.943 loading class java/util/Scanner$PatternLRUCache done
Event: 32.962 Thread 0x000001b70c73ad20 Thread added: 0x000001b70c73ad20
Event: 33.093 loading class java/util/concurrent/atomic/Striped64$1
Event: 33.094 loading class java/util/concurrent/atomic/Striped64$1 done


Dynamic libraries:
0x00007ff634f50000 - 0x00007ff634f60000 	C:\Program Files\Java\jdk-17\bin\java.exe
0x00007ffb1eac0000 - 0x00007ffb1ed23000 	C:\WINDOWS\SYSTEM32\ntdll.dll
0x00007ffb1dd00000 - 0x00007ffb1ddc7000 	C:\WINDOWS\System32\KERNEL32.DLL
0x00007ffb1be10000 - 0x00007ffb1c1d9000 	C:\WINDOWS\System32\KERNELBASE.dll
0x00007ffb1bcc0000 - 0x00007ffb1be0c000 	C:\WINDOWS\System32\ucrtbase.dll
0x00007ffb05140000 - 0x00007ffb0515b000 	C:\Program Files\Java\jdk-17\bin\VCRUNTIME140.dll
0x00007ffb09a30000 - 0x00007ffb09a49000 	C:\Program Files\Java\jdk-17\bin\jli.dll
0x00007ffb1d5e0000 - 0x00007ffb1d692000 	C:\WINDOWS\System32\ADVAPI32.dll
0x00007ffb1e300000 - 0x00007ffb1e3a9000 	C:\WINDOWS\System32\msvcrt.dll
0x00007ffb1d730000 - 0x00007ffb1d7d6000 	C:\WINDOWS\System32\sechost.dll
0x00007ffb1e1e0000 - 0x00007ffb1e2f6000 	C:\WINDOWS\System32\RPCRT4.dll
0x00007ffb1c990000 - 0x00007ffb1cb5a000 	C:\WINDOWS\System32\USER32.dll
0x00007ffb1c8b0000 - 0x00007ffb1c8d7000 	C:\WINDOWS\System32\win32u.dll
0x00007ffb1e5c0000 - 0x00007ffb1e5ea000 	C:\WINDOWS\System32\GDI32.dll
0x00007ffb06ac0000 - 0x00007ffb06d50000 	C:\WINDOWS\WinSxS\amd64_microsoft.windows.common-controls_6595b64144ccf1df_6.0.26100.3323_none_3e088096e3344490\COMCTL32.dll
0x00007ffb1c410000 - 0x00007ffb1c541000 	C:\WINDOWS\System32\gdi32full.dll
0x00007ffb1c360000 - 0x00007ffb1c403000 	C:\WINDOWS\System32\msvcp_win.dll
0x00007ffb13210000 - 0x00007ffb1321b000 	C:\WINDOWS\SYSTEM32\VERSION.dll
0x00007ffb1e410000 - 0x00007ffb1e43f000 	C:\WINDOWS\System32\IMM32.DLL
0x00007ffb12f00000 - 0x00007ffb12f0c000 	C:\Program Files\Java\jdk-17\bin\vcruntime140_1.dll
0x00007ffaf0b00000 - 0x00007ffaf0b8e000 	C:\Program Files\Java\jdk-17\bin\msvcp140.dll
0x00007ffa74a80000 - 0x00007ffa7565f000 	C:\Program Files\Java\jdk-17\bin\server\jvm.dll
0x00007ffb1ddd0000 - 0x00007ffb1ddd8000 	C:\WINDOWS\System32\PSAPI.DLL
0x00007ffb12320000 - 0x00007ffb12356000 	C:\WINDOWS\SYSTEM32\WINMM.dll
0x00007ffb0e8d0000 - 0x00007ffb0e8da000 	C:\WINDOWS\SYSTEM32\WSOCK32.dll
0x00007ffb1c910000 - 0x00007ffb1c984000 	C:\WINDOWS\System32\WS2_32.dll
0x00007ffb1aac0000 - 0x00007ffb1aada000 	C:\WINDOWS\SYSTEM32\kernel.appcore.dll
0x00007ffb0e880000 - 0x00007ffb0e88a000 	C:\Program Files\Java\jdk-17\bin\jimage.dll
0x00007ffb193f0000 - 0x00007ffb19631000 	C:\WINDOWS\SYSTEM32\DBGHELP.DLL
0x00007ffb1d8c0000 - 0x00007ffb1dc42000 	C:\WINDOWS\System32\combase.dll
0x00007ffb1d7e0000 - 0x00007ffb1d8b6000 	C:\WINDOWS\System32\OLEAUT32.dll
0x00007ffb05ba0000 - 0x00007ffb05bd9000 	C:\WINDOWS\SYSTEM32\dbgcore.DLL
0x00007ffb1c550000 - 0x00007ffb1c5e9000 	C:\WINDOWS\System32\bcryptPrimitives.dll
0x00007ffb05100000 - 0x00007ffb0510e000 	C:\Program Files\Java\jdk-17\bin\instrument.dll
0x00007ffb02360000 - 0x00007ffb02385000 	C:\Program Files\Java\jdk-17\bin\java.dll
0x00007ffaefca0000 - 0x00007ffaefd77000 	C:\Program Files\Java\jdk-17\bin\jsvml.dll
0x00007ffb1cd20000 - 0x00007ffb1d435000 	C:\WINDOWS\System32\SHELL32.dll
0x00007ffb1c740000 - 0x00007ffb1c8a8000 	C:\WINDOWS\System32\wintypes.dll
0x00007ffb19970000 - 0x00007ffb1a1b5000 	C:\WINDOWS\SYSTEM32\windows.storage.dll
0x00007ffb1cc30000 - 0x00007ffb1cd1b000 	C:\WINDOWS\System32\SHCORE.dll
0x00007ffb1dde0000 - 0x00007ffb1de3d000 	C:\WINDOWS\System32\shlwapi.dll
0x00007ffb1bbd0000 - 0x00007ffb1bbff000 	C:\WINDOWS\SYSTEM32\profapi.dll
0x00007ffb02340000 - 0x00007ffb02358000 	C:\Program Files\Java\jdk-17\bin\zip.dll
0x00007ffb03710000 - 0x00007ffb03729000 	C:\Program Files\Java\jdk-17\bin\net.dll
0x00007ffb14580000 - 0x00007ffb1469e000 	C:\WINDOWS\SYSTEM32\WINHTTP.dll
0x00007ffb1b000000 - 0x00007ffb1b06a000 	C:\WINDOWS\system32\mswsock.dll
0x00007ffb02f70000 - 0x00007ffb02f86000 	C:\Program Files\Java\jdk-17\bin\nio.dll
0x00007ffb001a0000 - 0x00007ffb001c4000 	C:\Users\PP\AppData\Local\Temp\jansi-2.4.1-7f9957bd3e61047-jansi.dll
0x00007ffb09840000 - 0x00007ffb09850000 	C:\Program Files\Java\jdk-17\bin\verify.dll
0x00007ffb1b2b0000 - 0x00007ffb1b2cc000 	C:\WINDOWS\SYSTEM32\CRYPTSP.dll
0x00007ffb1aa20000 - 0x00007ffb1aa5a000 	C:\WINDOWS\system32\rsaenh.dll
0x00007ffb1b0a0000 - 0x00007ffb1b0cb000 	C:\WINDOWS\SYSTEM32\USERENV.dll
0x00007ffb1b4e0000 - 0x00007ffb1b506000 	C:\WINDOWS\SYSTEM32\bcrypt.dll
0x00007ffb1b2a0000 - 0x00007ffb1b2ac000 	C:\WINDOWS\SYSTEM32\CRYPTBASE.dll
0x00007ffb1a4c0000 - 0x00007ffb1a4f3000 	C:\WINDOWS\SYSTEM32\IPHLPAPI.DLL
0x00007ffb1e450000 - 0x00007ffb1e45a000 	C:\WINDOWS\System32\NSI.dll
0x00007ffb15260000 - 0x00007ffb1527f000 	C:\WINDOWS\SYSTEM32\dhcpcsvc6.DLL
0x00007ffb15110000 - 0x00007ffb15135000 	C:\WINDOWS\SYSTEM32\dhcpcsvc.DLL
0x00007ffb1a550000 - 0x00007ffb1a675000 	C:\WINDOWS\SYSTEM32\DNSAPI.dll

dbghelp: loaded successfully - version: 4.0.5 - missing functions: none
symbol engine: initialized successfully - sym options: 0x614 - pdb path: .;C:\Program Files\Java\jdk-17\bin;C:\WINDOWS\SYSTEM32;C:\WINDOWS\WinSxS\amd64_microsoft.windows.common-controls_6595b64144ccf1df_6.0.26100.3323_none_3e088096e3344490;C:\Program Files\Java\jdk-17\bin\server;C:\Users\PP\AppData\Local\Temp

VM Arguments:
jvm_args: -Dmaven.multiModuleProjectDirectory=P:\Major Project\e-commerce_\ecommerce-microservices\Ecommerce-App-Product-service -Djansi.passthrough=true -Dmaven.home=C:\Program Files\JetBrains\IntelliJ IDEA 2023.1.3\plugins\maven\lib\maven3 -Dclassworlds.conf=C:\Program Files\JetBrains\IntelliJ IDEA 2023.1.3\plugins\maven\lib\maven3\bin\m2.conf -Dmaven.ext.class.path=C:\Program Files\JetBrains\IntelliJ IDEA 2023.1.3\plugins\maven\lib\maven-event-listener.jar -javaagent:C:\Program Files\JetBrains\IntelliJ IDEA 2023.1.3\lib\idea_rt.jar=9911 -Dfile.encoding=UTF-8 
java_command: org.codehaus.classworlds.Launcher -Didea.version=2024.3.4.1 clean install jib:build
java_class_path (initial): C:\Program Files\JetBrains\IntelliJ IDEA 2023.1.3\plugins\maven\lib\maven3\boot\plexus-classworlds-2.8.0.jar;C:\Program Files\JetBrains\IntelliJ IDEA 2023.1.3\plugins\maven\lib\maven3\boot\plexus-classworlds.license
Launcher Type: SUN_STANDARD

[Global flags]
     intx CICompilerCount                          = 4                                         {product} {ergonomic}
     uint ConcGCThreads                            = 3                                         {product} {ergonomic}
     uint G1ConcRefinementThreads                  = 10                                        {product} {ergonomic}
   size_t G1HeapRegionSize                         = 1048576                                   {product} {ergonomic}
    uintx GCDrainStackTargetSize                   = 64                                        {product} {ergonomic}
   size_t InitialHeapSize                          = 125829120                                 {product} {ergonomic}
   size_t MarkStackSize                            = 4194304                                   {product} {ergonomic}
   size_t MaxHeapSize                              = 1983905792                                {product} {ergonomic}
   size_t MaxNewSize                               = 1190133760                                {product} {ergonomic}
   size_t MinHeapDeltaBytes                        = 1048576                                   {product} {ergonomic}
   size_t MinHeapSize                              = 8388608                                   {product} {ergonomic}
    uintx NonNMethodCodeHeapSize                   = 5839372                                {pd product} {ergonomic}
    uintx NonProfiledCodeHeapSize                  = 122909434                              {pd product} {ergonomic}
    uintx ProfiledCodeHeapSize                     = 122909434                              {pd product} {ergonomic}
    uintx ReservedCodeCacheSize                    = 251658240                              {pd product} {ergonomic}
     bool SegmentedCodeCache                       = true                                      {product} {ergonomic}
   size_t SoftMaxHeapSize                          = 1983905792                             {manageable} {ergonomic}
     bool UseCompressedClassPointers               = true                           {product lp64_product} {ergonomic}
     bool UseCompressedOops                        = true                           {product lp64_product} {ergonomic}
     bool UseG1GC                                  = true                                      {product} {ergonomic}
     bool UseLargePagesIndividualAllocation        = false                                  {pd product} {ergonomic}

Logging:
Log output configuration:
 #0: stdout all=warning uptime,level,tags
 #1: stderr all=off uptime,level,tags

Environment Variables:
PATH=C:\Program Files\Common Files\Oracle\Java\javapath;C:\Program Files (x86)\Common Files\Oracle\Java\java8path;C:\Program Files (x86)\Common Files\Oracle\Java\javapath;C:\WINDOWS\system32;C:\WINDOWS;C:\WINDOWS\System32\Wbem;C:\WINDOWS\System32\WindowsPowerShell\v1.0\;C:\WINDOWS\System32\OpenSSH\;C:\Program Files\Java\jre-1.8\bin;C:\Program Files\Java\jdk-11\bin;C:\Program Files\Microsoft VS Code\bin;C:\Program Files\Java\jdk-17\bin;C:\ProgramData\chocolatey\bin;C:\Users\PP\AppData\Roaming\npm;C:\Users\PP\AppData\Roaming\nvm;C:\Program Files\nodejs;C:\Program Files\Vim\vim91;C:\Program Files\Kubernetes\Minikube;C:\WINDOWS\system32;C:\WINDOWS;C:\WINDOWS\System32\Wbem;C:\WINDOWS\System32\WindowsPowerShell\v1.0\;C:\WINDOWS\System32\OpenSSH\;C:\apache-maven-3.9.9\bin;C:\apache-maven-3.9.9\bin;C:\Program Files\Docker\Docker\resources\bin;C:\Program Files\Git\cmd;C:\Users\PP\AppData\Local\Microsoft\WindowsApps;C:\Program Files\Java\jdk-11\bin;C:\Program Files\Java\jre-1.8\bin;C:\Users\PP\AppData\Local\Programs\mongosh\;C:\Program Files\Java\jdk-17\bin;C:\Program Files\JetBrains\IntelliJ IDEA Community Edition 2023.3.5\bin;;C:\Program Files\JetBrains\IntelliJ IDEA 2023.1.3\bin;;C:\Users\PP\AppData\Local\Microsoft\WinGet\Packages\Schniz.fnm_Microsoft.Winget.Source_8wekyb3d8bbwe;C:\Users\PP\AppData\Roaming\npm;C:\Users\PP\AppData\Roaming\nvm;C:\Program Files\nodejs;C:\Program Files\MongoDB\Server\7.0\bin;C:\Program Files\MongoDB\Tools\100\bin;C:\Program Files\Vim\vim91;C:\apache-maven-3.9.9\bin;
USERNAME=PP
OS=Windows_NT
PROCESSOR_IDENTIFIER=AMD64 Family 23 Model 104 Stepping 1, AuthenticAMD



---------------  S Y S T E M  ---------------

OS:
 Windows 11 , 64 bit Build 26100 (10.0.26100.3323)
OS uptime: 6 days 1:44 hours
Hyper-V role detected

CPU: total 12 (initial active 12) (12 cores per cpu, 2 threads per core) family 23 model 104 stepping 1 microcode 0x8608103, cx8, cmov, fxsr, ht, mmx, 3dnowpref, sse, sse2, sse3, ssse3, sse4a, sse4.1, sse4.2, popcnt, lzcnt, tsc, tscinvbit, avx, avx2, aes, clmul, bmi1, bmi2, adx, sha, fma, vzeroupper, clflush, clflushopt, hv

Memory: 4k page, system-wide physical 7561M (223M free)
TotalPageFile size 31113M (AvailPageFile size 63M)
current process WorkingSet (physical memory assigned to process): 363M, peak: 378M
current process commit charge ("private bytes"): 428M, peak: 457M

vm_info: Java HotSpot(TM) 64-Bit Server VM (17.0.10+11-LTS-240) for windows-amd64 JRE (17.0.10+11-LTS-240), built on Dec 19 2023 21:47:25 by "mach5one" with MS VC++ 17.1 (VS2022)

END.
